log4j:ERROR Could not read configuration file [config/log4j.properties].
java.io.FileNotFoundException: config/log4j.properties (No such file or directory)
	at java.io.FileInputStream.open(Native Method)
	at java.io.FileInputStream.<init>(FileInputStream.java:106)
	at java.io.FileInputStream.<init>(FileInputStream.java:66)
	at org.apache.log4j.PropertyConfigurator.doConfigure(PropertyConfigurator.java:316)
	at org.apache.log4j.PropertyConfigurator.configure(PropertyConfigurator.java:342)
	at com.plectix.simulator.SimulationMain.main(SimulationMain.java:85)
log4j:ERROR Ignoring configuration file [config/log4j.properties].
-Initialization: WallClock=3.374 NanoClock=3.3737670000000004 ThreadTime=1.520661 sec. CPU
log4j:WARN No appenders could be found for logger (com.plectix.simulator.simulator.Simulator).
log4j:WARN Please initialize the log4j system properly.
-Simulation: WallClock=33.638 NanoClock=33.638087 ThreadTime=20.560861000000003 sec. CPU
-Initialization: WallClock=2.045 NanoClock=2.045334 ThreadTime=1.267617 sec. CPU
-Simulation: WallClock=20.384 NanoClock=20.384607000000003 ThreadTime=14.081422000000002 sec. CPU
-Initialization: WallClock=2.44 NanoClock=2.4408860000000003 ThreadTime=1.293485 sec. CPU
-Simulation: WallClock=23.763 NanoClock=23.763097000000002 ThreadTime=17.202308000000002 sec. CPU
-Initialization: WallClock=2.294 NanoClock=2.2945230000000003 ThreadTime=1.29884 sec. CPU
-Simulation: WallClock=33.004 NanoClock=33.004063 ThreadTime=21.16226 sec. CPU
-Initialization: WallClock=2.42 NanoClock=2.419133 ThreadTime=1.290288 sec. CPU
-Simulation: WallClock=11.203 NanoClock=11.203052000000001 ThreadTime=8.082028000000001 sec. CPU
-Initialization: WallClock=2.347 NanoClock=2.3471360000000003 ThreadTime=1.302619 sec. CPU
-Simulation: WallClock=17.29 NanoClock=17.290327 ThreadTime=13.128731 sec. CPU
-Initialization: WallClock=1.994 NanoClock=1.9936530000000001 ThreadTime=1.323485 sec. CPU
-Simulation: WallClock=21.762 NanoClock=21.761962 ThreadTime=15.740236000000001 sec. CPU
-Initialization: WallClock=2.426 NanoClock=2.425519 ThreadTime=1.278977 sec. CPU
-Simulation: WallClock=24.872 NanoClock=24.872200000000003 ThreadTime=17.758068 sec. CPU
-Initialization: WallClock=2.091 NanoClock=2.091123 ThreadTime=1.310599 sec. CPU
-Simulation: WallClock=24.845 NanoClock=24.844900000000003 ThreadTime=17.332994 sec. CPU
-Initialization: WallClock=1.899 NanoClock=1.8986280000000002 ThreadTime=1.251942 sec. CPU
-Simulation: WallClock=22.13 NanoClock=22.129788 ThreadTime=15.328011000000002 sec. CPU
-Initialization: WallClock=1.957 NanoClock=1.957289 ThreadTime=1.2624600000000001 sec. CPU
-Simulation: WallClock=19.8 NanoClock=19.79974 ThreadTime=14.187937000000002 sec. CPU
-Initialization: WallClock=2.0020000000000002 NanoClock=2.0020420000000003 ThreadTime=1.2914 sec. CPU
-Simulation: WallClock=18.619 NanoClock=18.619495 ThreadTime=13.163945 sec. CPU
-Initialization: WallClock=2.31 NanoClock=2.3097760000000003 ThreadTime=1.275211 sec. CPU
-Simulation: WallClock=23.251 NanoClock=23.251467 ThreadTime=16.948131 sec. CPU
-Initialization: WallClock=1.924 NanoClock=1.924687 ThreadTime=1.2730480000000002 sec. CPU
-Simulation: WallClock=20.288 NanoClock=20.288222 ThreadTime=14.311429 sec. CPU
-Initialization: WallClock=2.179 NanoClock=2.1788130000000003 ThreadTime=1.338581 sec. CPU
-Simulation: WallClock=29.846 NanoClock=29.845380000000002 ThreadTime=21.315997000000003 sec. CPU
-Initialization: WallClock=1.9000000000000001 NanoClock=1.899391 ThreadTime=1.283049 sec. CPU
-Simulation: WallClock=23.328 NanoClock=23.327805 ThreadTime=16.965276 sec. CPU
-Initialization: WallClock=2.43 NanoClock=2.4301250000000003 ThreadTime=1.309376 sec. CPU
-Simulation: WallClock=16.465 NanoClock=16.464935 ThreadTime=12.548588 sec. CPU
-Initialization: WallClock=1.993 NanoClock=1.992844 ThreadTime=1.300812 sec. CPU
-Simulation: WallClock=25.069 NanoClock=25.069346000000003 ThreadTime=17.814735000000002 sec. CPU
-Initialization: WallClock=2.036 NanoClock=2.036652 ThreadTime=1.2871810000000001 sec. CPU
-Simulation: WallClock=21.564 NanoClock=21.564461 ThreadTime=15.246001000000001 sec. CPU
-Initialization: WallClock=2.005 NanoClock=2.0057970000000003 ThreadTime=1.3113400000000002 sec. CPU
-Simulation: WallClock=20.37 NanoClock=20.37019 ThreadTime=14.698878 sec. CPU
-Initialization: WallClock=2.356 NanoClock=2.356262 ThreadTime=1.263281 sec. CPU
-Simulation: WallClock=18.650000000000002 NanoClock=18.649303 ThreadTime=13.923456000000002 sec. CPU
-Initialization: WallClock=1.974 NanoClock=1.9741490000000002 ThreadTime=1.269454 sec. CPU
-Simulation: WallClock=20.254 NanoClock=20.253715 ThreadTime=14.347383 sec. CPU
-Initialization: WallClock=1.905 NanoClock=1.904371 ThreadTime=1.263986 sec. CPU
-Simulation: WallClock=18.856 NanoClock=18.855901000000003 ThreadTime=13.916957 sec. CPU
-Initialization: WallClock=1.96 NanoClock=1.959483 ThreadTime=1.2822680000000002 sec. CPU
-Simulation: WallClock=19.152 NanoClock=19.152473 ThreadTime=13.608034 sec. CPU
-Initialization: WallClock=2.332 NanoClock=2.33162 ThreadTime=1.276647 sec. CPU
-Simulation: WallClock=21.467 NanoClock=21.466319000000002 ThreadTime=15.014213000000002 sec. CPU
-Initialization: WallClock=2.062 NanoClock=2.0622350000000003 ThreadTime=1.309412 sec. CPU
-Simulation: WallClock=21.173000000000002 NanoClock=21.172325 ThreadTime=15.453304000000001 sec. CPU
-Initialization: WallClock=2.004 NanoClock=2.003765 ThreadTime=1.351925 sec. CPU
-Simulation: WallClock=25.539 NanoClock=25.538825000000003 ThreadTime=18.163802 sec. CPU
-Initialization: WallClock=1.934 NanoClock=1.9344690000000002 ThreadTime=1.278828 sec. CPU
-Simulation: WallClock=28.783 NanoClock=28.783664 ThreadTime=20.481792000000002 sec. CPU
-Initialization: WallClock=2.779 NanoClock=2.778902 ThreadTime=1.32685 sec. CPU
-Simulation: WallClock=23.602 NanoClock=23.60117 ThreadTime=17.315810000000003 sec. CPU
-Initialization: WallClock=3.065 NanoClock=3.064658 ThreadTime=1.301976 sec. CPU
-Simulation: WallClock=20.525000000000002 NanoClock=20.52541 ThreadTime=15.107041 sec. CPU
-Initialization: WallClock=2.312 NanoClock=2.312539 ThreadTime=1.281552 sec. CPU
-Simulation: WallClock=16.459 NanoClock=16.458851000000003 ThreadTime=12.393985 sec. CPU
-Initialization: WallClock=1.922 NanoClock=1.9214810000000002 ThreadTime=1.27169 sec. CPU
-Simulation: WallClock=19.708000000000002 NanoClock=19.707812 ThreadTime=13.930235000000001 sec. CPU
-Initialization: WallClock=1.928 NanoClock=1.9278620000000002 ThreadTime=1.276613 sec. CPU
-Simulation: WallClock=26.773 NanoClock=26.773162000000003 ThreadTime=19.000712 sec. CPU
-Initialization: WallClock=2.1510000000000002 NanoClock=2.150615 ThreadTime=1.27953 sec. CPU
-Simulation: WallClock=24.959 NanoClock=24.958466 ThreadTime=18.415347 sec. CPU
-Initialization: WallClock=1.704 NanoClock=1.704228 ThreadTime=1.179429 sec. CPU
-Simulation: WallClock=19.286 NanoClock=19.286382 ThreadTime=14.548381000000001 sec. CPU
-Initialization: WallClock=2.027 NanoClock=2.026217 ThreadTime=1.1807640000000001 sec. CPU
-Simulation: WallClock=18.582 NanoClock=18.581721 ThreadTime=14.731867000000001 sec. CPU
-Initialization: WallClock=2.1390000000000002 NanoClock=2.139095 ThreadTime=1.18985 sec. CPU
-Simulation: WallClock=22.825 NanoClock=22.824941000000003 ThreadTime=15.262786 sec. CPU
-Initialization: WallClock=2.037 NanoClock=2.036198 ThreadTime=1.191966 sec. CPU
-Simulation: WallClock=24.418 NanoClock=24.417751000000003 ThreadTime=18.341304 sec. CPU
-Initialization: WallClock=1.95 NanoClock=1.9495310000000001 ThreadTime=1.178096 sec. CPU
-Simulation: WallClock=17.295 NanoClock=17.295231 ThreadTime=12.777497 sec. CPU
-Initialization: WallClock=1.679 NanoClock=1.679081 ThreadTime=1.191227 sec. CPU
-Simulation: WallClock=16.294 NanoClock=16.293034000000002 ThreadTime=12.184116000000001 sec. CPU
-Initialization: WallClock=1.711 NanoClock=1.710785 ThreadTime=1.1810640000000001 sec. CPU
-Simulation: WallClock=24.323 NanoClock=24.322609 ThreadTime=18.029836 sec. CPU
-Initialization: WallClock=1.685 NanoClock=1.685324 ThreadTime=1.190569 sec. CPU
-Simulation: WallClock=21.571 NanoClock=21.570889 ThreadTime=15.876775 sec. CPU
-Initialization: WallClock=1.764 NanoClock=1.764142 ThreadTime=1.188202 sec. CPU
-Simulation: WallClock=24.291 NanoClock=24.290658 ThreadTime=18.240712000000002 sec. CPU
-Initialization: WallClock=1.722 NanoClock=1.722334 ThreadTime=1.181024 sec. CPU
-Simulation: WallClock=24.86 NanoClock=24.859265 ThreadTime=18.476603 sec. CPU
-Initialization: WallClock=1.726 NanoClock=1.7269610000000002 ThreadTime=1.188933 sec. CPU
-Simulation: WallClock=3.6710000000000003 NanoClock=3.6715880000000003 ThreadTime=2.599378 sec. CPU
-Initialization: WallClock=2.031 NanoClock=2.0315350000000003 ThreadTime=1.18035 sec. CPU
-Simulation: WallClock=16.558 NanoClock=16.557407 ThreadTime=13.123602 sec. CPU
-Initialization: WallClock=1.713 NanoClock=1.713219 ThreadTime=1.1800350000000002 sec. CPU
-Simulation: WallClock=13.092 NanoClock=13.091455000000002 ThreadTime=10.053001 sec. CPU
-Initialization: WallClock=1.67 NanoClock=1.670161 ThreadTime=1.191734 sec. CPU
-Simulation: WallClock=24.645 NanoClock=24.645531000000002 ThreadTime=18.87538 sec. CPU
-Initialization: WallClock=2.0020000000000002 NanoClock=2.0017810000000003 ThreadTime=1.184762 sec. CPU
-Simulation: WallClock=11.873000000000001 NanoClock=11.872635 ThreadTime=9.075944 sec. CPU
-Initialization: WallClock=2.041 NanoClock=2.040985 ThreadTime=1.188479 sec. CPU
-Simulation: WallClock=20.279 NanoClock=20.279775 ThreadTime=15.927766000000002 sec. CPU
-Initialization: WallClock=2.017 NanoClock=2.0169520000000003 ThreadTime=1.1845560000000002 sec. CPU
-Results outputted in tmp session: WallClock=3.287 NanoClock=3.286696 ThreadTime=2.380942 sec. CPU

real	19m31.533s
user	17m34.711s
sys	0m10.660s
1

**** Simulation by Plectix v3.393..2759_32 ****

*Warning* No memory limit defined
-Compilation...
-Compilation: 0.112268 sec. CPU
-Initialization...
--Seeding random number generator with given seed 0
--Computing initial state
--Abstracting influence map...
---Influence map 
----Boolean encoding of the initial system
-----Renaming
------Translation(simplx->ckappa)
----Quark computation
--Abstraction: 0.018189 sec. CPU
----compute maximal refinement relation
-----compute refinement relation closure
------Boolean encoding of the quotiented system
-------Quotienting rules
-------Translation(simplx->ckappa)
-------Number of rules   : 57
-------Number of classes: 38
----count automorphism in lhs
-----Boolean encoding of the initial system
------Renaming
----count automorphism in lhs
-----Boolean encoding of the initial system
------Renaming
-------Translation(simplx->ckappa)
--Concretization...
--Concretization: 0.022241 sec. CPU
--Influence map computed
-Initialization: 1.633400 sec. CPU
-Simulation...
____________________________________________________________
############################################################
-Simulation: 270.971812 sec. CPU
-Outputting influence map
-Sampling data...
-End of sampling 0.0172 s CPU
-Outputting results in xml session...
-Results outputted in xml session: 0.052452 sec. CPU
=========================== done with 0 =================================
1

**** Simulation by Plectix v3.393..2759_32 ****

*Warning* No memory limit defined
-Compilation...
-Compilation: 0.112175 sec. CPU
-Initialization...
--Seeding random number generator with given seed 1
--Computing initial state
--Abstracting influence map...
---Influence map 
----Boolean encoding of the initial system
-----Renaming
------Translation(simplx->ckappa)
----Quark computation
--Abstraction: 0.018420 sec. CPU
----compute maximal refinement relation
-----compute refinement relation closure
------Boolean encoding of the quotiented system
-------Quotienting rules
-------Translation(simplx->ckappa)
-------Number of rules   : 57
-------Number of classes: 38
----count automorphism in lhs
-----Boolean encoding of the initial system
------Renaming
----count automorphism in lhs
-----Boolean encoding of the initial system
------Renaming
-------Translation(simplx->ckappa)
--Concretization...
--Concretization: 0.022580 sec. CPU
--Influence map computed
-Initialization: 1.648114 sec. CPU
-Simulation...
____________________________________________________________
############################################################
-Simulation: 268.917226 sec. CPU
-Outputting influence map
-Sampling data...
-End of sampling 0.0162 s CPU
-Outputting results in xml session...
-Results outputted in xml session: 0.054813 sec. CPU
=========================== done with 1 =================================
1

**** Simulation by Plectix v3.393..2759_32 ****

*Warning* No memory limit defined
-Compilation...
-Compilation: 0.113870 sec. CPU
-Initialization...
--Seeding random number generator with given seed 2
--Computing initial state
--Abstracting influence map...
---Influence map 
----Boolean encoding of the initial system
-----Renaming
------Translation(simplx->ckappa)
----Quark computation
--Abstraction: 0.018077 sec. CPU
----compute maximal refinement relation
-----compute refinement relation closure
------Boolean encoding of the quotiented system
-------Quotienting rules
-------Translation(simplx->ckappa)
-------Number of rules   : 57
-------Number of classes: 38
----count automorphism in lhs
-----Boolean encoding of the initial system
------Renaming
----count automorphism in lhs
-----Boolean encoding of the initial system
------Renaming
-------Translation(simplx->ckappa)
--Concretization...
--Concretization: 0.022611 sec. CPU
--Influence map computed
-Initialization: 1.632480 sec. CPU
-Simulation...
____________________________________________________________
############################################################
-Simulation: 270.200579 sec. CPU
-Outputting influence map
-Sampling data...
-End of sampling 0.0071 s CPU
-Outputting results in xml session...
-Results outputted in xml session: 0.050766 sec. CPU
=========================== done with 2 =================================
1

**** Simulation by Plectix v3.393..2759_32 ****

*Warning* No memory limit defined
-Compilation...
-Compilation: 0.112660 sec. CPU
-Initialization...
--Seeding random number generator with given seed 3
--Computing initial state
--Abstracting influence map...
---Influence map 
----Boolean encoding of the initial system
-----Renaming
------Translation(simplx->ckappa)
----Quark computation
--Abstraction: 0.018740 sec. CPU
----compute maximal refinement relation
-----compute refinement relation closure
------Boolean encoding of the quotiented system
-------Quotienting rules
-------Translation(simplx->ckappa)
-------Number of rules   : 57
-------Number of classes: 38
----count automorphism in lhs
-----Boolean encoding of the initial system
------Renaming
----count automorphism in lhs
-----Boolean encoding of the initial system
------Renaming
-------Translation(simplx->ckappa)
--Concretization...
--Concretization: 0.022256 sec. CPU
--Influence map computed
-Initialization: 1.632924 sec. CPU
-Simulation...
____________________________________________________________
############################################################
-Simulation: 268.976620 sec. CPU
-Outputting influence map
-Sampling data...
-End of sampling 0.0118 s CPU
-Outputting results in xml session...
-Results outputted in xml session: 0.050854 sec. CPU
=========================== done with 3 =================================
1

**** Simulation by Plectix v3.393..2759_32 ****

*Warning* No memory limit defined
-Compilation...
-Compilation: 0.113355 sec. CPU
-Initialization...
--Seeding random number generator with given seed 4
--Computing initial state
--Abstracting influence map...
---Influence map 
----Boolean encoding of the initial system
-----Renaming
------Translation(simplx->ckappa)
----Quark computation
--Abstraction: 0.018230 sec. CPU
----compute maximal refinement relation
-----compute refinement relation closure
------Boolean encoding of the quotiented system
-------Quotienting rules
-------Translation(simplx->ckappa)
-------Number of rules   : 57
-------Number of classes: 38
----count automorphism in lhs
-----Boolean encoding of the initial system
------Renaming
----count automorphism in lhs
-----Boolean encoding of the initial system
------Renaming
-------Translation(simplx->ckappa)
--Concretization...
--Concretization: 0.022529 sec. CPU
--Influence map computed
-Initialization: 1.650528 sec. CPU
-Simulation...
____________________________________________________________
############################################################
-Simulation: 270.288643 sec. CPU
-Outputting influence map
-Sampling data...
-End of sampling 0.0121 s CPU
-Outputting results in xml session...
-Results outputted in xml session: 0.051272 sec. CPU
=========================== done with 4 =================================
1

**** Simulation by Plectix v3.393..2759_32 ****

*Warning* No memory limit defined
-Compilation...
-Compilation: 0.112262 sec. CPU
-Initialization...
--Seeding random number generator with given seed 5
--Computing initial state
--Abstracting influence map...
---Influence map 
----Boolean encoding of the initial system
-----Renaming
------Translation(simplx->ckappa)
----Quark computation
--Abstraction: 0.018098 sec. CPU
----compute maximal refinement relation
-----compute refinement relation closure
------Boolean encoding of the quotiented system
-------Quotienting rules
-------Translation(simplx->ckappa)
-------Number of rules   : 57
-------Number of classes: 38
----count automorphism in lhs
-----Boolean encoding of the initial system
------Renaming
----count automorphism in lhs
-----Boolean encoding of the initial system
------Renaming
-------Translation(simplx->ckappa)
--Concretization...
--Concretization: 0.022617 sec. CPU
--Influence map computed
-Initialization: 1.633153 sec. CPU
-Simulation...
____________________________________________________________
############################################################
-Simulation: 270.661492 sec. CPU
-Outputting influence map
-Sampling data...
-End of sampling 0.0240 s CPU
-Outputting results in xml session...
-Results outputted in xml session: 0.053818 sec. CPU
=========================== done with 5 =================================
1

**** Simulation by Plectix v3.393..2759_32 ****

*Warning* No memory limit defined
-Compilation...
-Compilation: 0.113540 sec. CPU
-Initialization...
--Seeding random number generator with given seed 6
--Computing initial state
--Abstracting influence map...
---Influence map 
----Boolean encoding of the initial system
-----Renaming
------Translation(simplx->ckappa)
----Quark computation
--Abstraction: 0.018113 sec. CPU
----compute maximal refinement relation
-----compute refinement relation closure
------Boolean encoding of the quotiented system
-------Quotienting rules
-------Translation(simplx->ckappa)
-------Number of rules   : 57
-------Number of classes: 38
----count automorphism in lhs
-----Boolean encoding of the initial system
------Renaming
----count automorphism in lhs
-----Boolean encoding of the initial system
------Renaming
-------Translation(simplx->ckappa)
--Concretization...
--Concretization: 0.023016 sec. CPU
--Influence map computed
-Initialization: 1.644800 sec. CPU
-Simulation...
____________________________________________________________
############################################################
-Simulation: 269.041351 sec. CPU
-Outputting influence map
-Sampling data...
-End of sampling 0.0242 s CPU
-Outputting results in xml session...
-Results outputted in xml session: 0.053315 sec. CPU
=========================== done with 6 =================================
1

**** Simulation by Plectix v3.393..2759_32 ****

*Warning* No memory limit defined
-Compilation...
-Compilation: 0.112408 sec. CPU
-Initialization...
--Seeding random number generator with given seed 7
--Computing initial state
--Abstracting influence map...
---Influence map 
----Boolean encoding of the initial system
-----Renaming
------Translation(simplx->ckappa)
----Quark computation
--Abstraction: 0.019452 sec. CPU
----compute maximal refinement relation
-----compute refinement relation closure
------Boolean encoding of the quotiented system
-------Quotienting rules
-------Translation(simplx->ckappa)
-------Number of rules   : 57
-------Number of classes: 38
----count automorphism in lhs
-----Boolean encoding of the initial system
------Renaming
----count automorphism in lhs
-----Boolean encoding of the initial system
------Renaming
-------Translation(simplx->ckappa)
--Concretization...
--Concretization: 0.022594 sec. CPU
--Influence map computed
-Initialization: 1.641083 sec. CPU
-Simulation...
____________________________________________________________
############################################################
-Simulation: 269.543545 sec. CPU
-Outputting influence map
-Sampling data...
-End of sampling 0.0233 s CPU
-Outputting results in xml session...
-Results outputted in xml session: 0.053302 sec. CPU
=========================== done with 7 =================================
1

**** Simulation by Plectix v3.393..2759_32 ****

*Warning* No memory limit defined
-Compilation...
-Compilation: 0.113501 sec. CPU
-Initialization...
--Seeding random number generator with given seed 8
--Computing initial state
--Abstracting influence map...
---Influence map 
----Boolean encoding of the initial system
-----Renaming
------Translation(simplx->ckappa)
----Quark computation
--Abstraction: 0.018472 sec. CPU
----compute maximal refinement relation
-----compute refinement relation closure
------Boolean encoding of the quotiented system
-------Quotienting rules
-------Translation(simplx->ckappa)
-------Number of rules   : 57
-------Number of classes: 38
----count automorphism in lhs
-----Boolean encoding of the initial system
------Renaming
----count automorphism in lhs
-----Boolean encoding of the initial system
------Renaming
-------Translation(simplx->ckappa)
--Concretization...
--Concretization: 0.022904 sec. CPU
--Influence map computed
-Initialization: 1.653062 sec. CPU
-Simulation...
____________________________________________________________
############################################################
-Simulation: 269.591773 sec. CPU
-Outputting influence map
-Sampling data...
-End of sampling 0.0068 s CPU
-Outputting results in xml session...
-Results outputted in xml session: 0.048382 sec. CPU
=========================== done with 8 =================================
1

**** Simulation by Plectix v3.393..2759_32 ****

*Warning* No memory limit defined
-Compilation...
-Compilation: 0.112518 sec. CPU
-Initialization...
--Seeding random number generator with given seed 9
--Computing initial state
--Abstracting influence map...
---Influence map 
----Boolean encoding of the initial system
-----Renaming
------Translation(simplx->ckappa)
----Quark computation
--Abstraction: 0.018214 sec. CPU
----compute maximal refinement relation
-----compute refinement relation closure
------Boolean encoding of the quotiented system
-------Quotienting rules
-------Translation(simplx->ckappa)
-------Number of rules   : 57
-------Number of classes: 38
----count automorphism in lhs
-----Boolean encoding of the initial system
------Renaming
----count automorphism in lhs
-----Boolean encoding of the initial system
------Renaming
-------Translation(simplx->ckappa)
--Concretization...
--Concretization: 0.022697 sec. CPU
--Influence map computed
-Initialization: 1.644985 sec. CPU
-Simulation...
____________________________________________________________
############################################################
-Simulation: 269.015880 sec. CPU
-Outputting influence map
-Sampling data...
-End of sampling 0.0227 s CPU
-Outputting results in xml session...
-Results outputted in xml session: 0.053416 sec. CPU
=========================== done with 9 =================================
1

**** Simulation by Plectix v3.393..2759_32 ****

*Warning* No memory limit defined
-Compilation...
-Compilation: 0.112479 sec. CPU
-Initialization...
--Seeding random number generator with given seed 10
--Computing initial state
--Abstracting influence map...
---Influence map 
----Boolean encoding of the initial system
-----Renaming
------Translation(simplx->ckappa)
----Quark computation
--Abstraction: 0.018218 sec. CPU
----compute maximal refinement relation
-----compute refinement relation closure
------Boolean encoding of the quotiented system
-------Quotienting rules
-------Translation(simplx->ckappa)
-------Number of rules   : 57
-------Number of classes: 38
----count automorphism in lhs
-----Boolean encoding of the initial system
------Renaming
----count automorphism in lhs
-----Boolean encoding of the initial system
------Renaming
-------Translation(simplx->ckappa)
--Concretization...
--Concretization: 0.022678 sec. CPU
--Influence map computed
-Initialization: 1.643704 sec. CPU
-Simulation...
____________________________________________________________
############################################################
-Simulation: 270.165521 sec. CPU
-Outputting influence map
-Sampling data...
-End of sampling 0.0103 s CPU
-Outputting results in xml session...
-Results outputted in xml session: 0.051601 sec. CPU
=========================== done with 10 =================================
1

**** Simulation by Plectix v3.393..2759_32 ****

*Warning* No memory limit defined
-Compilation...
-Compilation: 0.114426 sec. CPU
-Initialization...
--Seeding random number generator with given seed 11
--Computing initial state
--Abstracting influence map...
---Influence map 
----Boolean encoding of the initial system
-----Renaming
------Translation(simplx->ckappa)
----Quark computation
--Abstraction: 0.018342 sec. CPU
----compute maximal refinement relation
-----compute refinement relation closure
------Boolean encoding of the quotiented system
-------Quotienting rules
-------Translation(simplx->ckappa)
-------Number of rules   : 57
-------Number of classes: 38
----count automorphism in lhs
-----Boolean encoding of the initial system
------Renaming
----count automorphism in lhs
-----Boolean encoding of the initial system
------Renaming
-------Translation(simplx->ckappa)
--Concretization...
--Concretization: 0.022189 sec. CPU
--Influence map computed
-Initialization: 1.634203 sec. CPU
-Simulation...
____________________________________________________________
############################################################
-Simulation: 270.079084 sec. CPU
-Outputting influence map
-Sampling data...
-End of sampling 0.0070 s CPU
-Outputting results in xml session...
-Results outputted in xml session: 0.050011 sec. CPU
=========================== done with 11 =================================
1

**** Simulation by Plectix v3.393..2759_32 ****

*Warning* No memory limit defined
-Compilation...
-Compilation: 0.114039 sec. CPU
-Initialization...
--Seeding random number generator with given seed 12
--Computing initial state
--Abstracting influence map...
---Influence map 
----Boolean encoding of the initial system
-----Renaming
------Translation(simplx->ckappa)
----Quark computation
--Abstraction: 0.018432 sec. CPU
----compute maximal refinement relation
-----compute refinement relation closure
------Boolean encoding of the quotiented system
-------Quotienting rules
-------Translation(simplx->ckappa)
-------Number of rules   : 57
-------Number of classes: 38
----count automorphism in lhs
-----Boolean encoding of the initial system
------Renaming
----count automorphism in lhs
-----Boolean encoding of the initial system
------Renaming
-------Translation(simplx->ckappa)
--Concretization...
--Concretization: 0.022426 sec. CPU
--Influence map computed
-Initialization: 1.645665 sec. CPU
-Simulation...
____________________________________________________________
############################################################
-Simulation: 271.163427 sec. CPU
-Outputting influence map
-Sampling data...
-End of sampling 0.0121 s CPU
-Outputting results in xml session...
-Results outputted in xml session: 0.052738 sec. CPU
=========================== done with 12 =================================
1

**** Simulation by Plectix v3.393..2759_32 ****

*Warning* No memory limit defined
-Compilation...
-Compilation: 0.113683 sec. CPU
-Initialization...
--Seeding random number generator with given seed 13
--Computing initial state
--Abstracting influence map...
---Influence map 
----Boolean encoding of the initial system
-----Renaming
------Translation(simplx->ckappa)
----Quark computation
--Abstraction: 0.018695 sec. CPU
----compute maximal refinement relation
-----compute refinement relation closure
------Boolean encoding of the quotiented system
-------Quotienting rules
-------Translation(simplx->ckappa)
-------Number of rules   : 57
-------Number of classes: 38
----count automorphism in lhs
-----Boolean encoding of the initial system
------Renaming
----count automorphism in lhs
-----Boolean encoding of the initial system
------Renaming
-------Translation(simplx->ckappa)
--Concretization...
--Concretization: 0.022291 sec. CPU
--Influence map computed
-Initialization: 1.643464 sec. CPU
-Simulation...
____________________________________________________________
############################################################
-Simulation: 269.142681 sec. CPU
-Outputting influence map
-Sampling data...
-End of sampling 0.0257 s CPU
-Outputting results in xml session...
-Results outputted in xml session: 0.055187 sec. CPU
=========================== done with 13 =================================
1

**** Simulation by Plectix v3.393..2759_32 ****

*Warning* No memory limit defined
-Compilation...
-Compilation: 0.113607 sec. CPU
-Initialization...
--Seeding random number generator with given seed 14
--Computing initial state
--Abstracting influence map...
---Influence map 
----Boolean encoding of the initial system
-----Renaming
------Translation(simplx->ckappa)
----Quark computation
--Abstraction: 0.018253 sec. CPU
----compute maximal refinement relation
-----compute refinement relation closure
------Boolean encoding of the quotiented system
-------Quotienting rules
-------Translation(simplx->ckappa)
-------Number of rules   : 57
-------Number of classes: 38
----count automorphism in lhs
-----Boolean encoding of the initial system
------Renaming
----count automorphism in lhs
-----Boolean encoding of the initial system
------Renaming
-------Translation(simplx->ckappa)
--Concretization...
--Concretization: 0.024347 sec. CPU
--Influence map computed
-Initialization: 1.654375 sec. CPU
-Simulation...
____________________________________________________________
############################################################
-Simulation: 271.961778 sec. CPU
-Outputting influence map
-Sampling data...
-End of sampling 0.0184 s CPU
-Outputting results in xml session...
-Results outputted in xml session: 0.054995 sec. CPU
=========================== done with 14 =================================
1

**** Simulation by Plectix v3.393..2759_32 ****

*Warning* No memory limit defined
-Compilation...
-Compilation: 0.114356 sec. CPU
-Initialization...
--Seeding random number generator with given seed 15
--Computing initial state
--Abstracting influence map...
---Influence map 
----Boolean encoding of the initial system
-----Renaming
------Translation(simplx->ckappa)
----Quark computation
--Abstraction: 0.018468 sec. CPU
----compute maximal refinement relation
-----compute refinement relation closure
------Boolean encoding of the quotiented system
-------Quotienting rules
-------Translation(simplx->ckappa)
-------Number of rules   : 57
-------Number of classes: 38
----count automorphism in lhs
-----Boolean encoding of the initial system
------Renaming
----count automorphism in lhs
-----Boolean encoding of the initial system
------Renaming
-------Translation(simplx->ckappa)
--Concretization...
--Concretization: 0.023158 sec. CPU
--Influence map computed
-Initialization: 1.657134 sec. CPU
-Simulation...
____________________________________________________________
############################################################
-Simulation: 271.572538 sec. CPU
-Outputting influence map
-Sampling data...
-End of sampling 0.0156 s CPU
-Outputting results in xml session...
-Results outputted in xml session: 0.053274 sec. CPU
=========================== done with 15 =================================
1

**** Simulation by Plectix v3.393..2759_32 ****

*Warning* No memory limit defined
-Compilation...
-Compilation: 0.115108 sec. CPU
-Initialization...
--Seeding random number generator with given seed 16
--Computing initial state
--Abstracting influence map...
---Influence map 
----Boolean encoding of the initial system
-----Renaming
------Translation(simplx->ckappa)
----Quark computation
--Abstraction: 0.018324 sec. CPU
----compute maximal refinement relation
-----compute refinement relation closure
------Boolean encoding of the quotiented system
-------Quotienting rules
-------Translation(simplx->ckappa)
-------Number of rules   : 57
-------Number of classes: 38
----count automorphism in lhs
-----Boolean encoding of the initial system
------Renaming
----count automorphism in lhs
-----Boolean encoding of the initial system
------Renaming
-------Translation(simplx->ckappa)
--Concretization...
--Concretization: 0.022781 sec. CPU
--Influence map computed
-Initialization: 1.653869 sec. CPU
-Simulation...
____________________________________________________________
############################################################
-Simulation: 270.421821 sec. CPU
-Outputting influence map
-Sampling data...
-End of sampling 0.0219 s CPU
-Outputting results in xml session...
-Results outputted in xml session: 0.053995 sec. CPU
=========================== done with 16 =================================
1

**** Simulation by Plectix v3.393..2759_32 ****

*Warning* No memory limit defined
-Compilation...
-Compilation: 0.113857 sec. CPU
-Initialization...
--Seeding random number generator with given seed 17
--Computing initial state
--Abstracting influence map...
---Influence map 
----Boolean encoding of the initial system
-----Renaming
------Translation(simplx->ckappa)
----Quark computation
--Abstraction: 0.018299 sec. CPU
----compute maximal refinement relation
-----compute refinement relation closure
------Boolean encoding of the quotiented system
-------Quotienting rules
-------Translation(simplx->ckappa)
-------Number of rules   : 57
-------Number of classes: 38
----count automorphism in lhs
-----Boolean encoding of the initial system
------Renaming
----count automorphism in lhs
-----Boolean encoding of the initial system
------Renaming
-------Translation(simplx->ckappa)
--Concretization...
--Concretization: 0.022799 sec. CPU
--Influence map computed
-Initialization: 1.647340 sec. CPU
-Simulation...
____________________________________________________________
############################################################
-Simulation: 270.209312 sec. CPU
-Outputting influence map
-Sampling data...
-End of sampling 0.0178 s CPU
-Outputting results in xml session...
-Results outputted in xml session: 0.057154 sec. CPU
=========================== done with 17 =================================
1

**** Simulation by Plectix v3.393..2759_32 ****

*Warning* No memory limit defined
-Compilation...
-Compilation: 0.113111 sec. CPU
-Initialization...
--Seeding random number generator with given seed 18
--Computing initial state
--Abstracting influence map...
---Influence map 
----Boolean encoding of the initial system
-----Renaming
------Translation(simplx->ckappa)
----Quark computation
--Abstraction: 0.018262 sec. CPU
----compute maximal refinement relation
-----compute refinement relation closure
------Boolean encoding of the quotiented system
-------Quotienting rules
-------Translation(simplx->ckappa)
-------Number of rules   : 57
-------Number of classes: 38
----count automorphism in lhs
-----Boolean encoding of the initial system
------Renaming
----count automorphism in lhs
-----Boolean encoding of the initial system
------Renaming
-------Translation(simplx->ckappa)
--Concretization...
--Concretization: 0.023082 sec. CPU
--Influence map computed
-Initialization: 1.662818 sec. CPU
-Simulation...
____________________________________________________________
############################################################
-Simulation: 270.914610 sec. CPU
-Outputting influence map
-Sampling data...
-End of sampling 0.0097 s CPU
-Outputting results in xml session...
-Results outputted in xml session: 0.050295 sec. CPU
=========================== done with 18 =================================
1

**** Simulation by Plectix v3.393..2759_32 ****

*Warning* No memory limit defined
-Compilation...
-Compilation: 0.113313 sec. CPU
-Initialization...
--Seeding random number generator with given seed 19
--Computing initial state
--Abstracting influence map...
---Influence map 
----Boolean encoding of the initial system
-----Renaming
------Translation(simplx->ckappa)
----Quark computation
--Abstraction: 0.019860 sec. CPU
----compute maximal refinement relation
-----compute refinement relation closure
------Boolean encoding of the quotiented system
-------Quotienting rules
-------Translation(simplx->ckappa)
-------Number of rules   : 57
-------Number of classes: 38
----count automorphism in lhs
-----Boolean encoding of the initial system
------Renaming
----count automorphism in lhs
-----Boolean encoding of the initial system
------Renaming
-------Translation(simplx->ckappa)
--Concretization...
--Concretization: 0.023376 sec. CPU
--Influence map computed
-Initialization: 1.657503 sec. CPU
-Simulation...
____________________________________________________________
############################################################
-Simulation: 270.585521 sec. CPU
-Outputting influence map
-Sampling data...
-End of sampling 0.0233 s CPU
-Outputting results in xml session...
-Results outputted in xml session: 0.056010 sec. CPU
=========================== done with 19 =================================
1

**** Simulation by Plectix v3.393..2759_32 ****

*Warning* No memory limit defined
-Compilation...
-Compilation: 0.114209 sec. CPU
-Initialization...
--Seeding random number generator with given seed 20
--Computing initial state
--Abstracting influence map...
---Influence map 
----Boolean encoding of the initial system
-----Renaming
------Translation(simplx->ckappa)
----Quark computation
--Abstraction: 0.018532 sec. CPU
----compute maximal refinement relation
-----compute refinement relation closure
------Boolean encoding of the quotiented system
-------Quotienting rules
-------Translation(simplx->ckappa)
-------Number of rules   : 57
-------Number of classes: 38
----count automorphism in lhs
-----Boolean encoding of the initial system
------Renaming
----count automorphism in lhs
-----Boolean encoding of the initial system
------Renaming
-------Translation(simplx->ckappa)
--Concretization...
--Concretization: 0.023020 sec. CPU
--Influence map computed
-Initialization: 1.659231 sec. CPU
-Simulation...
____________________________________________________________
############################################################
-Simulation: 272.365719 sec. CPU
-Outputting influence map
-Sampling data...
-End of sampling 0.0122 s CPU
-Outputting results in xml session...
-Results outputted in xml session: 0.052341 sec. CPU
=========================== done with 20 =================================
1

**** Simulation by Plectix v3.393..2759_32 ****

*Warning* No memory limit defined
-Compilation...
-Compilation: 0.114235 sec. CPU
-Initialization...
--Seeding random number generator with given seed 21
--Computing initial state
--Abstracting influence map...
---Influence map 
----Boolean encoding of the initial system
-----Renaming
------Translation(simplx->ckappa)
----Quark computation
--Abstraction: 0.018566 sec. CPU
----compute maximal refinement relation
-----compute refinement relation closure
------Boolean encoding of the quotiented system
-------Quotienting rules
-------Translation(simplx->ckappa)
-------Number of rules   : 57
-------Number of classes: 38
----count automorphism in lhs
-----Boolean encoding of the initial system
------Renaming
----count automorphism in lhs
-----Boolean encoding of the initial system
------Renaming
-------Translation(simplx->ckappa)
--Concretization...
--Concretization: 0.022413 sec. CPU
--Influence map computed
-Initialization: 1.648602 sec. CPU
-Simulation...
____________________________________________________________
############################################################
-Simulation: 272.616461 sec. CPU
-Outputting influence map
-Sampling data...
-End of sampling 0.0191 s CPU
-Outputting results in xml session...
-Results outputted in xml session: 0.055255 sec. CPU
=========================== done with 21 =================================
1

**** Simulation by Plectix v3.393..2759_32 ****

*Warning* No memory limit defined
-Compilation...
-Compilation: 0.113643 sec. CPU
-Initialization...
--Seeding random number generator with given seed 22
--Computing initial state
--Abstracting influence map...
---Influence map 
----Boolean encoding of the initial system
-----Renaming
------Translation(simplx->ckappa)
----Quark computation
--Abstraction: 0.018885 sec. CPU
----compute maximal refinement relation
-----compute refinement relation closure
------Boolean encoding of the quotiented system
-------Quotienting rules
-------Translation(simplx->ckappa)
-------Number of rules   : 57
-------Number of classes: 38
----count automorphism in lhs
-----Boolean encoding of the initial system
------Renaming
----count automorphism in lhs
-----Boolean encoding of the initial system
------Renaming
-------Translation(simplx->ckappa)
--Concretization...
--Concretization: 0.023159 sec. CPU
--Influence map computed
-Initialization: 1.674609 sec. CPU
-Simulation...
____________________________________________________________
############################################################
-Simulation: 271.495384 sec. CPU
-Outputting influence map
-Sampling data...
-End of sampling 0.0228 s CPU
-Outputting results in xml session...
-Results outputted in xml session: 0.052924 sec. CPU
=========================== done with 22 =================================
1

**** Simulation by Plectix v3.393..2759_32 ****

*Warning* No memory limit defined
-Compilation...
-Compilation: 0.113508 sec. CPU
-Initialization...
--Seeding random number generator with given seed 23
--Computing initial state
--Abstracting influence map...
---Influence map 
----Boolean encoding of the initial system
-----Renaming
------Translation(simplx->ckappa)
----Quark computation
--Abstraction: 0.019931 sec. CPU
----compute maximal refinement relation
-----compute refinement relation closure
------Boolean encoding of the quotiented system
-------Quotienting rules
-------Translation(simplx->ckappa)
-------Number of rules   : 57
-------Number of classes: 38
----count automorphism in lhs
-----Boolean encoding of the initial system
------Renaming
----count automorphism in lhs
-----Boolean encoding of the initial system
------Renaming
-------Translation(simplx->ckappa)
--Concretization...
--Concretization: 0.022941 sec. CPU
--Influence map computed
-Initialization: 1.654290 sec. CPU
-Simulation...
____________________________________________________________
############################################################
-Simulation: 273.896871 sec. CPU
-Outputting influence map
-Sampling data...
-End of sampling 0.0220 s CPU
-Outputting results in xml session...
-Results outputted in xml session: 0.057833 sec. CPU
=========================== done with 23 =================================
1

**** Simulation by Plectix v3.393..2759_32 ****

*Warning* No memory limit defined
-Compilation...
-Compilation: 0.114196 sec. CPU
-Initialization...
--Seeding random number generator with given seed 24
--Computing initial state
--Abstracting influence map...
---Influence map 
----Boolean encoding of the initial system
-----Renaming
------Translation(simplx->ckappa)
----Quark computation
--Abstraction: 0.018707 sec. CPU
----compute maximal refinement relation
-----compute refinement relation closure
------Boolean encoding of the quotiented system
-------Quotienting rules
-------Translation(simplx->ckappa)
-------Number of rules   : 57
-------Number of classes: 38
----count automorphism in lhs
-----Boolean encoding of the initial system
------Renaming
----count automorphism in lhs
-----Boolean encoding of the initial system
------Renaming
-------Translation(simplx->ckappa)
--Concretization...
--Concretization: 0.021082 sec. CPU
--Influence map computed
-Initialization: 1.665907 sec. CPU
-Simulation...
____________________________________________________________
############################################################
-Simulation: 272.782991 sec. CPU
-Outputting influence map
-Sampling data...
-End of sampling 0.0071 s CPU
-Outputting results in xml session...
-Results outputted in xml session: 0.050093 sec. CPU
=========================== done with 24 =================================
1

**** Simulation by Plectix v3.393..2759_32 ****

*Warning* No memory limit defined
-Compilation...
-Compilation: 0.113777 sec. CPU
-Initialization...
--Seeding random number generator with given seed 25
--Computing initial state
--Abstracting influence map...
---Influence map 
----Boolean encoding of the initial system
-----Renaming
------Translation(simplx->ckappa)
----Quark computation
--Abstraction: 0.019788 sec. CPU
----compute maximal refinement relation
-----compute refinement relation closure
------Boolean encoding of the quotiented system
-------Quotienting rules
-------Translation(simplx->ckappa)
-------Number of rules   : 57
-------Number of classes: 38
----count automorphism in lhs
-----Boolean encoding of the initial system
------Renaming
----count automorphism in lhs
-----Boolean encoding of the initial system
------Renaming
-------Translation(simplx->ckappa)
--Concretization...
--Concretization: 0.021490 sec. CPU
--Influence map computed
-Initialization: 1.657812 sec. CPU
-Simulation...
____________________________________________________________
############################################################
-Simulation: 271.556389 sec. CPU
-Outputting influence map
-Sampling data...
-End of sampling 0.0101 s CPU
-Outputting results in xml session...
-Results outputted in xml session: 0.050540 sec. CPU
=========================== done with 25 =================================
1

**** Simulation by Plectix v3.393..2759_32 ****

*Warning* No memory limit defined
-Compilation...
-Compilation: 0.113529 sec. CPU
-Initialization...
--Seeding random number generator with given seed 26
--Computing initial state
--Abstracting influence map...
---Influence map 
----Boolean encoding of the initial system
-----Renaming
------Translation(simplx->ckappa)
----Quark computation
--Abstraction: 0.018284 sec. CPU
----compute maximal refinement relation
-----compute refinement relation closure
------Boolean encoding of the quotiented system
-------Quotienting rules
-------Translation(simplx->ckappa)
-------Number of rules   : 57
-------Number of classes: 38
----count automorphism in lhs
-----Boolean encoding of the initial system
------Renaming
----count automorphism in lhs
-----Boolean encoding of the initial system
------Renaming
-------Translation(simplx->ckappa)
--Concretization...
--Concretization: 0.022430 sec. CPU
--Influence map computed
-Initialization: 1.661491 sec. CPU
-Simulation...
____________________________________________________________
############################################################
-Simulation: 272.104870 sec. CPU
-Outputting influence map
-Sampling data...
-End of sampling 0.0131 s CPU
-Outputting results in xml session...
-Results outputted in xml session: 0.050970 sec. CPU
=========================== done with 26 =================================
1

**** Simulation by Plectix v3.393..2759_32 ****

*Warning* No memory limit defined
-Compilation...
-Compilation: 0.114033 sec. CPU
-Initialization...
--Seeding random number generator with given seed 27
--Computing initial state
--Abstracting influence map...
---Influence map 
----Boolean encoding of the initial system
-----Renaming
------Translation(simplx->ckappa)
----Quark computation
--Abstraction: 0.018182 sec. CPU
----compute maximal refinement relation
-----compute refinement relation closure
------Boolean encoding of the quotiented system
-------Quotienting rules
-------Translation(simplx->ckappa)
-------Number of rules   : 57
-------Number of classes: 38
----count automorphism in lhs
-----Boolean encoding of the initial system
------Renaming
----count automorphism in lhs
-----Boolean encoding of the initial system
------Renaming
-------Translation(simplx->ckappa)
--Concretization...
--Concretization: 0.021947 sec. CPU
--Influence map computed
-Initialization: 1.650699 sec. CPU
-Simulation...
____________________________________________________________
############################################################
-Simulation: 271.769365 sec. CPU
-Outputting influence map
-Sampling data...
-End of sampling 0.0074 s CPU
-Outputting results in xml session...
-Results outputted in xml session: 0.050554 sec. CPU
=========================== done with 27 =================================
1

**** Simulation by Plectix v3.393..2759_32 ****

*Warning* No memory limit defined
-Compilation...
-Compilation: 0.115360 sec. CPU
-Initialization...
--Seeding random number generator with given seed 28
--Computing initial state
--Abstracting influence map...
---Influence map 
----Boolean encoding of the initial system
-----Renaming
------Translation(simplx->ckappa)
----Quark computation
--Abstraction: 0.018100 sec. CPU
----compute maximal refinement relation
-----compute refinement relation closure
------Boolean encoding of the quotiented system
-------Quotienting rules
-------Translation(simplx->ckappa)
-------Number of rules   : 57
-------Number of classes: 38
----count automorphism in lhs
-----Boolean encoding of the initial system
------Renaming
----count automorphism in lhs
-----Boolean encoding of the initial system
------Renaming
-------Translation(simplx->ckappa)
--Concretization...
--Concretization: 0.023618 sec. CPU
--Influence map computed
-Initialization: 1.633246 sec. CPU
-Simulation...
____________________________________________________________
############################################################
-Simulation: 269.601237 sec. CPU
-Outputting influence map
-Sampling data...
-End of sampling 0.0207 s CPU
-Outputting results in xml session...
-Results outputted in xml session: 0.056952 sec. CPU
=========================== done with 28 =================================
1

**** Simulation by Plectix v3.393..2759_32 ****

*Warning* No memory limit defined
-Compilation...
-Compilation: 0.112522 sec. CPU
-Initialization...
--Seeding random number generator with given seed 29
--Computing initial state
--Abstracting influence map...
---Influence map 
----Boolean encoding of the initial system
-----Renaming
------Translation(simplx->ckappa)
----Quark computation
--Abstraction: 0.018251 sec. CPU
----compute maximal refinement relation
-----compute refinement relation closure
------Boolean encoding of the quotiented system
-------Quotienting rules
-------Translation(simplx->ckappa)
-------Number of rules   : 57
-------Number of classes: 38
----count automorphism in lhs
-----Boolean encoding of the initial system
------Renaming
----count automorphism in lhs
-----Boolean encoding of the initial system
------Renaming
-------Translation(simplx->ckappa)
--Concretization...
--Concretization: 0.022445 sec. CPU
--Influence map computed
-Initialization: 1.639950 sec. CPU
-Simulation...
____________________________________________________________
############################################################
-Simulation: 273.234257 sec. CPU
-Outputting influence map
-Sampling data...
-End of sampling 0.0145 s CPU
-Outputting results in xml session...
-Results outputted in xml session: 0.052851 sec. CPU
=========================== done with 29 =================================
1

**** Simulation by Plectix v3.393..2759_32 ****

*Warning* No memory limit defined
-Compilation...
-Compilation: 0.114220 sec. CPU
-Initialization...
--Seeding random number generator with given seed 30
--Computing initial state
--Abstracting influence map...
---Influence map 
----Boolean encoding of the initial system
-----Renaming
------Translation(simplx->ckappa)
----Quark computation
--Abstraction: 0.018337 sec. CPU
----compute maximal refinement relation
-----compute refinement relation closure
------Boolean encoding of the quotiented system
-------Quotienting rules
-------Translation(simplx->ckappa)
-------Number of rules   : 57
-------Number of classes: 38
----count automorphism in lhs
-----Boolean encoding of the initial system
------Renaming
----count automorphism in lhs
-----Boolean encoding of the initial system
------Renaming
-------Translation(simplx->ckappa)
--Concretization...
--Concretization: 0.022583 sec. CPU
--Influence map computed
-Initialization: 1.655541 sec. CPU
-Simulation...
____________________________________________________________
############################################################
-Simulation: 270.940492 sec. CPU
-Outputting influence map
-Sampling data...
-End of sampling 0.0265 s CPU
-Outputting results in xml session...
-Results outputted in xml session: 0.056641 sec. CPU
=========================== done with 30 =================================
1

**** Simulation by Plectix v3.393..2759_32 ****

*Warning* No memory limit defined
-Compilation...
-Compilation: 0.114487 sec. CPU
-Initialization...
--Seeding random number generator with given seed 31
--Computing initial state
--Abstracting influence map...
---Influence map 
----Boolean encoding of the initial system
-----Renaming
------Translation(simplx->ckappa)
----Quark computation
--Abstraction: 0.018293 sec. CPU
----compute maximal refinement relation
-----compute refinement relation closure
------Boolean encoding of the quotiented system
-------Quotienting rules
-------Translation(simplx->ckappa)
-------Number of rules   : 57
-------Number of classes: 38
----count automorphism in lhs
-----Boolean encoding of the initial system
------Renaming
----count automorphism in lhs
-----Boolean encoding of the initial system
------Renaming
-------Translation(simplx->ckappa)
--Concretization...
--Concretization: 0.022551 sec. CPU
--Influence map computed
-Initialization: 1.643007 sec. CPU
-Simulation...
____________________________________________________________
############################################################
-Simulation: 272.978011 sec. CPU
-Outputting influence map
-Sampling data...
-End of sampling 0.0084 s CPU
-Outputting results in xml session...
-Results outputted in xml session: 0.050090 sec. CPU
=========================== done with 31 =================================
1

**** Simulation by Plectix v3.393..2759_32 ****

*Warning* No memory limit defined
-Compilation...
-Compilation: 0.114243 sec. CPU
-Initialization...
--Seeding random number generator with given seed 32
--Computing initial state
--Abstracting influence map...
---Influence map 
----Boolean encoding of the initial system
-----Renaming
------Translation(simplx->ckappa)
----Quark computation
--Abstraction: 0.019233 sec. CPU
----compute maximal refinement relation
-----compute refinement relation closure
------Boolean encoding of the quotiented system
-------Quotienting rules
-------Translation(simplx->ckappa)
-------Number of rules   : 57
-------Number of classes: 38
----count automorphism in lhs
-----Boolean encoding of the initial system
------Renaming
----count automorphism in lhs
-----Boolean encoding of the initial system
------Renaming
-------Translation(simplx->ckappa)
--Concretization...
--Concretization: 0.022612 sec. CPU
--Influence map computed
-Initialization: 1.653377 sec. CPU
-Simulation...
____________________________________________________________
############################################################
-Simulation: 269.806612 sec. CPU
-Outputting influence map
-Sampling data...
-End of sampling 0.0108 s CPU
-Outputting results in xml session...
-Results outputted in xml session: 0.048733 sec. CPU
=========================== done with 32 =================================
1

**** Simulation by Plectix v3.393..2759_32 ****

*Warning* No memory limit defined
-Compilation...
-Compilation: 0.110938 sec. CPU
-Initialization...
--Seeding random number generator with given seed 33
--Computing initial state
--Abstracting influence map...
---Influence map 
----Boolean encoding of the initial system
-----Renaming
------Translation(simplx->ckappa)
----Quark computation
--Abstraction: 0.018077 sec. CPU
----compute maximal refinement relation
-----compute refinement relation closure
------Boolean encoding of the quotiented system
-------Quotienting rules
-------Translation(simplx->ckappa)
-------Number of rules   : 57
-------Number of classes: 38
----count automorphism in lhs
-----Boolean encoding of the initial system
------Renaming
----count automorphism in lhs
-----Boolean encoding of the initial system
------Renaming
-------Translation(simplx->ckappa)
--Concretization...
--Concretization: 0.022940 sec. CPU
--Influence map computed
-Initialization: 1.582177 sec. CPU
-Simulation...
____________________________________________________________
############################################################
-Simulation: 267.653098 sec. CPU
-Outputting influence map
-Sampling data...
-End of sampling 0.0120 s CPU
-Outputting results in xml session...
-Results outputted in xml session: 0.047521 sec. CPU
=========================== done with 33 =================================
1

**** Simulation by Plectix v3.393..2759_32 ****

*Warning* No memory limit defined
-Compilation...
-Compilation: 0.113199 sec. CPU
-Initialization...
--Seeding random number generator with given seed 34
--Computing initial state
--Abstracting influence map...
---Influence map 
----Boolean encoding of the initial system
-----Renaming
------Translation(simplx->ckappa)
----Quark computation
--Abstraction: 0.018394 sec. CPU
----compute maximal refinement relation
-----compute refinement relation closure
------Boolean encoding of the quotiented system
-------Quotienting rules
-------Translation(simplx->ckappa)
-------Number of rules   : 57
-------Number of classes: 38
----count automorphism in lhs
-----Boolean encoding of the initial system
------Renaming
----count automorphism in lhs
-----Boolean encoding of the initial system
------Renaming
-------Translation(simplx->ckappa)
--Concretization...
--Concretization: 0.022189 sec. CPU
--Influence map computed
-Initialization: 1.613183 sec. CPU
-Simulation...
____________________________________________________________
############################################################
-Simulation: 267.490331 sec. CPU
-Outputting influence map
-Sampling data...
-End of sampling 0.0111 s CPU
-Outputting results in xml session...
-Results outputted in xml session: 0.051810 sec. CPU
=========================== done with 34 =================================
1

**** Simulation by Plectix v3.393..2759_32 ****

*Warning* No memory limit defined
-Compilation...
-Compilation: 0.113578 sec. CPU
-Initialization...
--Seeding random number generator with given seed 35
--Computing initial state
--Abstracting influence map...
---Influence map 
----Boolean encoding of the initial system
-----Renaming
------Translation(simplx->ckappa)
----Quark computation
--Abstraction: 0.018512 sec. CPU
----compute maximal refinement relation
-----compute refinement relation closure
------Boolean encoding of the quotiented system
-------Quotienting rules
-------Translation(simplx->ckappa)
-------Number of rules   : 57
-------Number of classes: 38
----count automorphism in lhs
-----Boolean encoding of the initial system
------Renaming
----count automorphism in lhs
-----Boolean encoding of the initial system
------Renaming
-------Translation(simplx->ckappa)
--Concretization...
--Concretization: 0.021993 sec. CPU
--Influence map computed
-Initialization: 1.604796 sec. CPU
-Simulation...
____________________________________________________________
############################################################
-Simulation: 264.182795 sec. CPU
-Outputting influence map
-Sampling data...
-End of sampling 0.0123 s CPU
-Outputting results in xml session...
-Results outputted in xml session: 0.049786 sec. CPU
=========================== done with 35 =================================
1

**** Simulation by Plectix v3.393..2759_32 ****

*Warning* No memory limit defined
-Compilation...
-Compilation: 0.111950 sec. CPU
-Initialization...
--Seeding random number generator with given seed 36
--Computing initial state
--Abstracting influence map...
---Influence map 
----Boolean encoding of the initial system
-----Renaming
------Translation(simplx->ckappa)
----Quark computation
--Abstraction: 0.017955 sec. CPU
----compute maximal refinement relation
-----compute refinement relation closure
------Boolean encoding of the quotiented system
-------Quotienting rules
-------Translation(simplx->ckappa)
-------Number of rules   : 57
-------Number of classes: 38
----count automorphism in lhs
-----Boolean encoding of the initial system
------Renaming
----count automorphism in lhs
-----Boolean encoding of the initial system
------Renaming
-------Translation(simplx->ckappa)
--Concretization...
--Concretization: 0.022262 sec. CPU
--Influence map computed
-Initialization: 1.583320 sec. CPU
-Simulation...
____________________________________________________________
############################################################
-Simulation: 262.482857 sec. CPU
-Outputting influence map
-Sampling data...
-End of sampling 0.0062 s CPU
-Outputting results in xml session...
-Results outputted in xml session: 0.046149 sec. CPU
=========================== done with 36 =================================
1

**** Simulation by Plectix v3.393..2759_32 ****

*Warning* No memory limit defined
-Compilation...
-Compilation: 0.115647 sec. CPU
-Initialization...
--Seeding random number generator with given seed 37
--Computing initial state
--Abstracting influence map...
---Influence map 
----Boolean encoding of the initial system
-----Renaming
------Translation(simplx->ckappa)
----Quark computation
--Abstraction: 0.020296 sec. CPU
----compute maximal refinement relation
-----compute refinement relation closure
------Boolean encoding of the quotiented system
-------Quotienting rules
-------Translation(simplx->ckappa)
-------Number of rules   : 57
-------Number of classes: 38
----count automorphism in lhs
-----Boolean encoding of the initial system
------Renaming
----count automorphism in lhs
-----Boolean encoding of the initial system
------Renaming
-------Translation(simplx->ckappa)
--Concretization...
--Concretization: 0.022829 sec. CPU
--Influence map computed
-Initialization: 1.587137 sec. CPU
-Simulation...
____________________________________________________________
############################################################
-Simulation: 262.917735 sec. CPU
-Outputting influence map
-Sampling data...
-End of sampling 0.0114 s CPU
-Outputting results in xml session...
-Results outputted in xml session: 0.049308 sec. CPU
=========================== done with 37 =================================
1

**** Simulation by Plectix v3.393..2759_32 ****

*Warning* No memory limit defined
-Compilation...
-Compilation: 0.112319 sec. CPU
-Initialization...
--Seeding random number generator with given seed 38
--Computing initial state
--Abstracting influence map...
---Influence map 
----Boolean encoding of the initial system
-----Renaming
------Translation(simplx->ckappa)
----Quark computation
--Abstraction: 0.018011 sec. CPU
----compute maximal refinement relation
-----compute refinement relation closure
------Boolean encoding of the quotiented system
-------Quotienting rules
-------Translation(simplx->ckappa)
-------Number of rules   : 57
-------Number of classes: 38
----count automorphism in lhs
-----Boolean encoding of the initial system
------Renaming
----count automorphism in lhs
-----Boolean encoding of the initial system
------Renaming
-------Translation(simplx->ckappa)
--Concretization...
--Concretization: 0.022145 sec. CPU
--Influence map computed
-Initialization: 1.580932 sec. CPU
-Simulation...
____________________________________________________________
############################################################
-Simulation: 261.645572 sec. CPU
-Outputting influence map
-Sampling data...
-End of sampling 0.0232 s CPU
-Outputting results in xml session...
-Results outputted in xml session: 0.045355 sec. CPU
=========================== done with 38 =================================
1

**** Simulation by Plectix v3.393..2759_32 ****

*Warning* No memory limit defined
-Compilation...
-Compilation: 0.113180 sec. CPU
-Initialization...
--Seeding random number generator with given seed 39
--Computing initial state
--Abstracting influence map...
---Influence map 
----Boolean encoding of the initial system
-----Renaming
------Translation(simplx->ckappa)
----Quark computation
--Abstraction: 0.018194 sec. CPU
----compute maximal refinement relation
-----compute refinement relation closure
------Boolean encoding of the quotiented system
-------Quotienting rules
-------Translation(simplx->ckappa)
-------Number of rules   : 57
-------Number of classes: 38
----count automorphism in lhs
-----Boolean encoding of the initial system
------Renaming
----count automorphism in lhs
-----Boolean encoding of the initial system
------Renaming
-------Translation(simplx->ckappa)
--Concretization...
--Concretization: 0.021998 sec. CPU
--Influence map computed
-Initialization: 1.616317 sec. CPU
-Simulation...
____________________________________________________________
############################################################
-Simulation: 265.592203 sec. CPU
-Outputting influence map
-Sampling data...
-End of sampling 0.0109 s CPU
-Outputting results in xml session...
-Results outputted in xml session: 0.047783 sec. CPU
=========================== done with 39 =================================
1

**** Simulation by Plectix v3.393..2759_32 ****

*Warning* No memory limit defined
-Compilation...
-Compilation: 0.111807 sec. CPU
-Initialization...
--Seeding random number generator with given seed 40
--Computing initial state
--Abstracting influence map...
---Influence map 
----Boolean encoding of the initial system
-----Renaming
------Translation(simplx->ckappa)
----Quark computation
--Abstraction: 0.018070 sec. CPU
----compute maximal refinement relation
-----compute refinement relation closure
------Boolean encoding of the quotiented system
-------Quotienting rules
-------Translation(simplx->ckappa)
-------Number of rules   : 57
-------Number of classes: 38
----count automorphism in lhs
-----Boolean encoding of the initial system
------Renaming
----count automorphism in lhs
-----Boolean encoding of the initial system
------Renaming
-------Translation(simplx->ckappa)
--Concretization...
--Concretization: 0.021950 sec. CPU
--Influence map computed
-Initialization: 1.581738 sec. CPU
-Simulation...
____________________________________________________________
############################################################
-Simulation: 261.975945 sec. CPU
-Outputting influence map
-Sampling data...
-End of sampling 0.0079 s CPU
-Outputting results in xml session...
-Results outputted in xml session: 0.046900 sec. CPU
=========================== done with 40 =================================
1

**** Simulation by Plectix v3.393..2759_32 ****

*Warning* No memory limit defined
-Compilation...
-Compilation: 0.112483 sec. CPU
-Initialization...
--Seeding random number generator with given seed 41
--Computing initial state
--Abstracting influence map...
---Influence map 
----Boolean encoding of the initial system
-----Renaming
------Translation(simplx->ckappa)
----Quark computation
--Abstraction: 0.018129 sec. CPU
----compute maximal refinement relation
-----compute refinement relation closure
------Boolean encoding of the quotiented system
-------Quotienting rules
-------Translation(simplx->ckappa)
-------Number of rules   : 57
-------Number of classes: 38
----count automorphism in lhs
-----Boolean encoding of the initial system
------Renaming
----count automorphism in lhs
-----Boolean encoding of the initial system
------Renaming
-------Translation(simplx->ckappa)
--Concretization...
--Concretization: 0.021931 sec. CPU
--Influence map computed
-Initialization: 1.589486 sec. CPU
-Simulation...
____________________________________________________________
############################################################
-Simulation: 262.576643 sec. CPU
-Outputting influence map
-Sampling data...
-End of sampling 0.0211 s CPU
-Outputting results in xml session...
-Results outputted in xml session: 0.051884 sec. CPU
=========================== done with 41 =================================
1

**** Simulation by Plectix v3.393..2759_32 ****

*Warning* No memory limit defined
-Compilation...
-Compilation: 0.112156 sec. CPU
-Initialization...
--Seeding random number generator with given seed 42
--Computing initial state
--Abstracting influence map...
---Influence map 
----Boolean encoding of the initial system
-----Renaming
------Translation(simplx->ckappa)
----Quark computation
--Abstraction: 0.017934 sec. CPU
----compute maximal refinement relation
-----compute refinement relation closure
------Boolean encoding of the quotiented system
-------Quotienting rules
-------Translation(simplx->ckappa)
-------Number of rules   : 57
-------Number of classes: 38
----count automorphism in lhs
-----Boolean encoding of the initial system
------Renaming
----count automorphism in lhs
-----Boolean encoding of the initial system
------Renaming
-------Translation(simplx->ckappa)
--Concretization...
--Concretization: 0.021938 sec. CPU
--Influence map computed
-Initialization: 1.578035 sec. CPU
-Simulation...
____________________________________________________________
############################################################
-Simulation: 262.136581 sec. CPU
-Outputting influence map
-Sampling data...
-End of sampling 0.0098 s CPU
-Outputting results in xml session...
-Results outputted in xml session: 0.048019 sec. CPU
=========================== done with 42 =================================
1

**** Simulation by Plectix v3.393..2759_32 ****

*Warning* No memory limit defined
-Compilation...
-Compilation: 0.112702 sec. CPU
-Initialization...
--Seeding random number generator with given seed 43
--Computing initial state
--Abstracting influence map...
---Influence map 
----Boolean encoding of the initial system
-----Renaming
------Translation(simplx->ckappa)
----Quark computation
--Abstraction: 0.018136 sec. CPU
----compute maximal refinement relation
-----compute refinement relation closure
------Boolean encoding of the quotiented system
-------Quotienting rules
-------Translation(simplx->ckappa)
-------Number of rules   : 57
-------Number of classes: 38
----count automorphism in lhs
-----Boolean encoding of the initial system
------Renaming
----count automorphism in lhs
-----Boolean encoding of the initial system
------Renaming
-------Translation(simplx->ckappa)
--Concretization...
--Concretization: 0.022898 sec. CPU
--Influence map computed
-Initialization: 1.582365 sec. CPU
-Simulation...
____________________________________________________________
############################################################
-Simulation: 260.889910 sec. CPU
-Outputting influence map
-Sampling data...
-End of sampling 0.0159 s CPU
-Outputting results in xml session...
-Results outputted in xml session: 0.050686 sec. CPU
=========================== done with 43 =================================
1

**** Simulation by Plectix v3.393..2759_32 ****

*Warning* No memory limit defined
-Compilation...
-Compilation: 0.111493 sec. CPU
-Initialization...
--Seeding random number generator with given seed 44
--Computing initial state
--Abstracting influence map...
---Influence map 
----Boolean encoding of the initial system
-----Renaming
------Translation(simplx->ckappa)
----Quark computation
--Abstraction: 0.017946 sec. CPU
----compute maximal refinement relation
-----compute refinement relation closure
------Boolean encoding of the quotiented system
-------Quotienting rules
-------Translation(simplx->ckappa)
-------Number of rules   : 57
-------Number of classes: 38
----count automorphism in lhs
-----Boolean encoding of the initial system
------Renaming
----count automorphism in lhs
-----Boolean encoding of the initial system
------Renaming
-------Translation(simplx->ckappa)
--Concretization...
--Concretization: 0.022028 sec. CPU
--Influence map computed
-Initialization: 1.579861 sec. CPU
-Simulation...
____________________________________________________________
############################################################
-Simulation: 262.983744 sec. CPU
-Outputting influence map
-Sampling data...
-End of sampling 0.0128 s CPU
-Outputting results in xml session...
-Results outputted in xml session: 0.056410 sec. CPU
=========================== done with 44 =================================
1

**** Simulation by Plectix v3.393..2759_32 ****

*Warning* No memory limit defined
-Compilation...
-Compilation: 0.114873 sec. CPU
-Initialization...
--Seeding random number generator with given seed 45
--Computing initial state
--Abstracting influence map...
---Influence map 
----Boolean encoding of the initial system
-----Renaming
------Translation(simplx->ckappa)
----Quark computation
--Abstraction: 0.018775 sec. CPU
----compute maximal refinement relation
-----compute refinement relation closure
------Boolean encoding of the quotiented system
-------Quotienting rules
-------Translation(simplx->ckappa)
-------Number of rules   : 57
-------Number of classes: 38
----count automorphism in lhs
-----Boolean encoding of the initial system
------Renaming
----count automorphism in lhs
-----Boolean encoding of the initial system
------Renaming
-------Translation(simplx->ckappa)
--Concretization...
--Concretization: 0.021980 sec. CPU
--Influence map computed
-Initialization: 1.580858 sec. CPU
-Simulation...
____________________________________________________________
############################################################
-Simulation: 261.505861 sec. CPU
-Outputting influence map
-Sampling data...
-End of sampling 0.0222 s CPU
-Outputting results in xml session...
-Results outputted in xml session: 0.051312 sec. CPU
=========================== done with 45 =================================
1

**** Simulation by Plectix v3.393..2759_32 ****

*Warning* No memory limit defined
-Compilation...
-Compilation: 0.111982 sec. CPU
-Initialization...
--Seeding random number generator with given seed 46
--Computing initial state
--Abstracting influence map...
---Influence map 
----Boolean encoding of the initial system
-----Renaming
------Translation(simplx->ckappa)
----Quark computation
--Abstraction: 0.018008 sec. CPU
----compute maximal refinement relation
-----compute refinement relation closure
------Boolean encoding of the quotiented system
-------Quotienting rules
-------Translation(simplx->ckappa)
-------Number of rules   : 57
-------Number of classes: 38
----count automorphism in lhs
-----Boolean encoding of the initial system
------Renaming
----count automorphism in lhs
-----Boolean encoding of the initial system
------Renaming
-------Translation(simplx->ckappa)
--Concretization...
--Concretization: 0.021857 sec. CPU
--Influence map computed
-Initialization: 1.579037 sec. CPU
-Simulation...
____________________________________________________________
############################################################
-Simulation: 261.928192 sec. CPU
-Outputting influence map
-Sampling data...
-End of sampling 0.0115 s CPU
-Outputting results in xml session...
-Results outputted in xml session: 0.048312 sec. CPU
=========================== done with 46 =================================
1

**** Simulation by Plectix v3.393..2759_32 ****

*Warning* No memory limit defined
-Compilation...
-Compilation: 0.111736 sec. CPU
-Initialization...
--Seeding random number generator with given seed 47
--Computing initial state
--Abstracting influence map...
---Influence map 
----Boolean encoding of the initial system
-----Renaming
------Translation(simplx->ckappa)
----Quark computation
--Abstraction: 0.018088 sec. CPU
----compute maximal refinement relation
-----compute refinement relation closure
------Boolean encoding of the quotiented system
-------Quotienting rules
-------Translation(simplx->ckappa)
-------Number of rules   : 57
-------Number of classes: 38
----count automorphism in lhs
-----Boolean encoding of the initial system
------Renaming
----count automorphism in lhs
-----Boolean encoding of the initial system
------Renaming
-------Translation(simplx->ckappa)
--Concretization...
--Concretization: 0.021778 sec. CPU
--Influence map computed
-Initialization: 1.581389 sec. CPU
-Simulation...
____________________________________________________________
############################################################
-Simulation: 266.314301 sec. CPU
-Outputting influence map
-Sampling data...
-End of sampling 0.0122 s CPU
-Outputting results in xml session...
-Results outputted in xml session: 0.049190 sec. CPU
=========================== done with 47 =================================
1

**** Simulation by Plectix v3.393..2759_32 ****

*Warning* No memory limit defined
-Compilation...
-Compilation: 0.112566 sec. CPU
-Initialization...
--Seeding random number generator with given seed 48
--Computing initial state
--Abstracting influence map...
---Influence map 
----Boolean encoding of the initial system
-----Renaming
------Translation(simplx->ckappa)
----Quark computation
--Abstraction: 0.018212 sec. CPU
----compute maximal refinement relation
-----compute refinement relation closure
------Boolean encoding of the quotiented system
-------Quotienting rules
-------Translation(simplx->ckappa)
-------Number of rules   : 57
-------Number of classes: 38
----count automorphism in lhs
-----Boolean encoding of the initial system
------Renaming
----count automorphism in lhs
-----Boolean encoding of the initial system
------Renaming
-------Translation(simplx->ckappa)
--Concretization...
--Concretization: 0.021845 sec. CPU
--Influence map computed
-Initialization: 1.581822 sec. CPU
-Simulation...
____________________________________________________________
############################################################
-Simulation: 262.835237 sec. CPU
-Outputting influence map
-Sampling data...
-End of sampling 0.0141 s CPU
-Outputting results in xml session...
-Results outputted in xml session: 0.050302 sec. CPU
=========================== done with 48 =================================
1

**** Simulation by Plectix v3.393..2759_32 ****

*Warning* No memory limit defined
-Compilation...
-Compilation: 0.112490 sec. CPU
-Initialization...
--Seeding random number generator with given seed 49
--Computing initial state
--Abstracting influence map...
---Influence map 
----Boolean encoding of the initial system
-----Renaming
------Translation(simplx->ckappa)
----Quark computation
--Abstraction: 0.018037 sec. CPU
----compute maximal refinement relation
-----compute refinement relation closure
------Boolean encoding of the quotiented system
-------Quotienting rules
-------Translation(simplx->ckappa)
-------Number of rules   : 57
-------Number of classes: 38
----count automorphism in lhs
-----Boolean encoding of the initial system
------Renaming
----count automorphism in lhs
-----Boolean encoding of the initial system
------Renaming
-------Translation(simplx->ckappa)
--Concretization...
--Concretization: 0.022373 sec. CPU
--Influence map computed
-Initialization: 1.583261 sec. CPU
-Simulation...
____________________________________________________________
############################################################
-Simulation: 265.566955 sec. CPU
-Outputting influence map
-Sampling data...
-End of sampling 0.0083 s CPU
-Outputting results in xml session...
-Results outputted in xml session: 0.047303 sec. CPU
=========================== done with 49 =================================
0
