log4j:ERROR Could not read configuration file [config/log4j.properties].
java.io.FileNotFoundException: config/log4j.properties (No such file or directory)
	at java.io.FileInputStream.open(Native Method)
	at java.io.FileInputStream.<init>(FileInputStream.java:106)
	at java.io.FileInputStream.<init>(FileInputStream.java:66)
	at org.apache.log4j.PropertyConfigurator.doConfigure(PropertyConfigurator.java:316)
	at org.apache.log4j.PropertyConfigurator.configure(PropertyConfigurator.java:342)
	at com.plectix.simulator.SimulationMain.main(SimulationMain.java:85)
log4j:ERROR Ignoring configuration file [config/log4j.properties].
com.plectix.simulator.parser.ParseErrorException: Error in 'site' name: 
	at com.plectix.simulator.parser.Parser.parseSome(Parser.java:548)
	at com.plectix.simulator.parser.Parser.parseAgent(Parser.java:519)
	at com.plectix.simulator.parser.Parser.createRules(Parser.java:376)
	at com.plectix.simulator.parser.Parser.parse(Parser.java:104)
	at com.plectix.simulator.SimulationMain.readSimulatonFile(SimulationMain.java:184)
	at com.plectix.simulator.SimulationMain.main(SimulationMain.java:90)

real	0m1.975s
user	0m0.547s
sys	0m0.162s
1

**** Simulation by Plectix v3.393..2759_32 ****

*Warning* No memory limit defined
-Compilation...
-Compilation: 0.031742 sec. CPU
-Initialization...
--Seeding random number generator with given seed 0
--Computing initial state
--Abstracting influence map...
---Influence map 
----Boolean encoding of the initial system
-----Renaming
------Translation(simplx->ckappa)
----Quark computation
--Abstraction: 0.010061 sec. CPU
----compute maximal refinement relation
-----compute refinement relation closure
------Boolean encoding of the quotiented system
-------Quotienting rules
-------Translation(simplx->ckappa)
-------Number of rules   : 42
-------Number of classes: 56
----count automorphism in lhs
-----Boolean encoding of the initial system
------Renaming
----count automorphism in lhs
-----Boolean encoding of the initial system
------Renaming
-------Translation(simplx->ckappa)
--Concretization...
--Concretization: 0.002611 sec. CPU
--Influence map computed
-Initialization: 0.139344 sec. CPU
-Simulation...
____________________________________________________________
############################################################
-Simulation: 7.913973 sec. CPU
-Outputting influence map
-Sampling data...
-End of sampling 0.0074 s CPU
-Outputting results in xml session...
-Results outputted in xml session: 0.022289 sec. CPU
=========================== done with 0 =================================
1

**** Simulation by Plectix v3.393..2759_32 ****

*Warning* No memory limit defined
-Compilation...
-Compilation: 0.026367 sec. CPU
-Initialization...
--Seeding random number generator with given seed 1
--Computing initial state
--Abstracting influence map...
---Influence map 
----Boolean encoding of the initial system
-----Renaming
------Translation(simplx->ckappa)
----Quark computation
--Abstraction: 0.009799 sec. CPU
----compute maximal refinement relation
-----compute refinement relation closure
------Boolean encoding of the quotiented system
-------Quotienting rules
-------Translation(simplx->ckappa)
-------Number of rules   : 42
-------Number of classes: 56
----count automorphism in lhs
-----Boolean encoding of the initial system
------Renaming
----count automorphism in lhs
-----Boolean encoding of the initial system
------Renaming
-------Translation(simplx->ckappa)
--Concretization...
--Concretization: 0.002548 sec. CPU
--Influence map computed
-Initialization: 0.139516 sec. CPU
-Simulation...
____________________________________________________________
############################################################
-Simulation: 7.966529 sec. CPU
-Outputting influence map
-Sampling data...
-End of sampling 0.0088 s CPU
-Outputting results in xml session...
-Results outputted in xml session: 0.024900 sec. CPU
=========================== done with 1 =================================
1

**** Simulation by Plectix v3.393..2759_32 ****

*Warning* No memory limit defined
-Compilation...
-Compilation: 0.024091 sec. CPU
-Initialization...
--Seeding random number generator with given seed 2
--Computing initial state
--Abstracting influence map...
---Influence map 
----Boolean encoding of the initial system
-----Renaming
------Translation(simplx->ckappa)
----Quark computation
--Abstraction: 0.010534 sec. CPU
----compute maximal refinement relation
-----compute refinement relation closure
------Boolean encoding of the quotiented system
-------Quotienting rules
-------Translation(simplx->ckappa)
-------Number of rules   : 42
-------Number of classes: 56
----count automorphism in lhs
-----Boolean encoding of the initial system
------Renaming
----count automorphism in lhs
-----Boolean encoding of the initial system
------Renaming
-------Translation(simplx->ckappa)
--Concretization...
--Concretization: 0.002572 sec. CPU
--Influence map computed
-Initialization: 0.138207 sec. CPU
-Simulation...
____________________________________________________________
############################################################
-Simulation: 8.030609 sec. CPU
-Outputting influence map
-Sampling data...
-End of sampling 0.0069 s CPU
-Outputting results in xml session...
-Results outputted in xml session: 0.021627 sec. CPU
=========================== done with 2 =================================
1

**** Simulation by Plectix v3.393..2759_32 ****

*Warning* No memory limit defined
-Compilation...
-Compilation: 0.024739 sec. CPU
-Initialization...
--Seeding random number generator with given seed 3
--Computing initial state
--Abstracting influence map...
---Influence map 
----Boolean encoding of the initial system
-----Renaming
------Translation(simplx->ckappa)
----Quark computation
--Abstraction: 0.009994 sec. CPU
----compute maximal refinement relation
-----compute refinement relation closure
------Boolean encoding of the quotiented system
-------Quotienting rules
-------Translation(simplx->ckappa)
-------Number of rules   : 42
-------Number of classes: 56
----count automorphism in lhs
-----Boolean encoding of the initial system
------Renaming
----count automorphism in lhs
-----Boolean encoding of the initial system
------Renaming
-------Translation(simplx->ckappa)
--Concretization...
--Concretization: 0.002534 sec. CPU
--Influence map computed
-Initialization: 0.138246 sec. CPU
-Simulation...
____________________________________________________________
############################################################
-Simulation: 8.005274 sec. CPU
-Outputting influence map
-Sampling data...
-End of sampling 0.0081 s CPU
-Outputting results in xml session...
-Results outputted in xml session: 0.025946 sec. CPU
=========================== done with 3 =================================
1

**** Simulation by Plectix v3.393..2759_32 ****

*Warning* No memory limit defined
-Compilation...
-Compilation: 0.024479 sec. CPU
-Initialization...
--Seeding random number generator with given seed 4
--Computing initial state
--Abstracting influence map...
---Influence map 
----Boolean encoding of the initial system
-----Renaming
------Translation(simplx->ckappa)
----Quark computation
--Abstraction: 0.010403 sec. CPU
----compute maximal refinement relation
-----compute refinement relation closure
------Boolean encoding of the quotiented system
-------Quotienting rules
-------Translation(simplx->ckappa)
-------Number of rules   : 42
-------Number of classes: 56
----count automorphism in lhs
-----Boolean encoding of the initial system
------Renaming
----count automorphism in lhs
-----Boolean encoding of the initial system
------Renaming
-------Translation(simplx->ckappa)
--Concretization...
--Concretization: 0.002585 sec. CPU
--Influence map computed
-Initialization: 0.139104 sec. CPU
-Simulation...
____________________________________________________________
############################################################
-Simulation: 8.031131 sec. CPU
-Outputting influence map
-Sampling data...
-End of sampling 0.0068 s CPU
-Outputting results in xml session...
-Results outputted in xml session: 0.022532 sec. CPU
=========================== done with 4 =================================
1

**** Simulation by Plectix v3.393..2759_32 ****

*Warning* No memory limit defined
-Compilation...
-Compilation: 0.024129 sec. CPU
-Initialization...
--Seeding random number generator with given seed 5
--Computing initial state
--Abstracting influence map...
---Influence map 
----Boolean encoding of the initial system
-----Renaming
------Translation(simplx->ckappa)
----Quark computation
--Abstraction: 0.010077 sec. CPU
----compute maximal refinement relation
-----compute refinement relation closure
------Boolean encoding of the quotiented system
-------Quotienting rules
-------Translation(simplx->ckappa)
-------Number of rules   : 42
-------Number of classes: 56
----count automorphism in lhs
-----Boolean encoding of the initial system
------Renaming
----count automorphism in lhs
-----Boolean encoding of the initial system
------Renaming
-------Translation(simplx->ckappa)
--Concretization...
--Concretization: 0.002567 sec. CPU
--Influence map computed
-Initialization: 0.139305 sec. CPU
-Simulation...
____________________________________________________________
############################################################
-Simulation: 7.985321 sec. CPU
-Outputting influence map
-Sampling data...
-End of sampling 0.0081 s CPU
-Outputting results in xml session...
-Results outputted in xml session: 0.020978 sec. CPU
=========================== done with 5 =================================
1

**** Simulation by Plectix v3.393..2759_32 ****

*Warning* No memory limit defined
-Compilation...
-Compilation: 0.023960 sec. CPU
-Initialization...
--Seeding random number generator with given seed 6
--Computing initial state
--Abstracting influence map...
---Influence map 
----Boolean encoding of the initial system
-----Renaming
------Translation(simplx->ckappa)
----Quark computation
--Abstraction: 0.009747 sec. CPU
----compute maximal refinement relation
-----compute refinement relation closure
------Boolean encoding of the quotiented system
-------Quotienting rules
-------Translation(simplx->ckappa)
-------Number of rules   : 42
-------Number of classes: 56
----count automorphism in lhs
-----Boolean encoding of the initial system
------Renaming
----count automorphism in lhs
-----Boolean encoding of the initial system
------Renaming
-------Translation(simplx->ckappa)
--Concretization...
--Concretization: 0.002529 sec. CPU
--Influence map computed
-Initialization: 0.137572 sec. CPU
-Simulation...
____________________________________________________________
############################################################
-Simulation: 7.912162 sec. CPU
-Outputting influence map
-Sampling data...
-End of sampling 0.0068 s CPU
-Outputting results in xml session...
-Results outputted in xml session: 0.021566 sec. CPU
=========================== done with 6 =================================
1

**** Simulation by Plectix v3.393..2759_32 ****

*Warning* No memory limit defined
-Compilation...
-Compilation: 0.023943 sec. CPU
-Initialization...
--Seeding random number generator with given seed 7
--Computing initial state
--Abstracting influence map...
---Influence map 
----Boolean encoding of the initial system
-----Renaming
------Translation(simplx->ckappa)
----Quark computation
--Abstraction: 0.009976 sec. CPU
----compute maximal refinement relation
-----compute refinement relation closure
------Boolean encoding of the quotiented system
-------Quotienting rules
-------Translation(simplx->ckappa)
-------Number of rules   : 42
-------Number of classes: 56
----count automorphism in lhs
-----Boolean encoding of the initial system
------Renaming
----count automorphism in lhs
-----Boolean encoding of the initial system
------Renaming
-------Translation(simplx->ckappa)
--Concretization...
--Concretization: 0.002570 sec. CPU
--Influence map computed
-Initialization: 0.137688 sec. CPU
-Simulation...
____________________________________________________________
############################################################
-Simulation: 7.735742 sec. CPU
-Outputting influence map
-Sampling data...
-End of sampling 0.0067 s CPU
-Outputting results in xml session...
-Results outputted in xml session: 0.023152 sec. CPU
=========================== done with 7 =================================
1

**** Simulation by Plectix v3.393..2759_32 ****

*Warning* No memory limit defined
-Compilation...
-Compilation: 0.024155 sec. CPU
-Initialization...
--Seeding random number generator with given seed 8
--Computing initial state
--Abstracting influence map...
---Influence map 
----Boolean encoding of the initial system
-----Renaming
------Translation(simplx->ckappa)
----Quark computation
--Abstraction: 0.010292 sec. CPU
----compute maximal refinement relation
-----compute refinement relation closure
------Boolean encoding of the quotiented system
-------Quotienting rules
-------Translation(simplx->ckappa)
-------Number of rules   : 42
-------Number of classes: 56
----count automorphism in lhs
-----Boolean encoding of the initial system
------Renaming
----count automorphism in lhs
-----Boolean encoding of the initial system
------Renaming
-------Translation(simplx->ckappa)
--Concretization...
--Concretization: 0.002581 sec. CPU
--Influence map computed
-Initialization: 0.137852 sec. CPU
-Simulation...
____________________________________________________________
############################################################
-Simulation: 7.847306 sec. CPU
-Outputting influence map
-Sampling data...
-End of sampling 0.0095 s CPU
-Outputting results in xml session...
-Results outputted in xml session: 0.024327 sec. CPU
=========================== done with 8 =================================
1

**** Simulation by Plectix v3.393..2759_32 ****

*Warning* No memory limit defined
-Compilation...
-Compilation: 0.024068 sec. CPU
-Initialization...
--Seeding random number generator with given seed 9
--Computing initial state
--Abstracting influence map...
---Influence map 
----Boolean encoding of the initial system
-----Renaming
------Translation(simplx->ckappa)
----Quark computation
--Abstraction: 0.010484 sec. CPU
----compute maximal refinement relation
-----compute refinement relation closure
------Boolean encoding of the quotiented system
-------Quotienting rules
-------Translation(simplx->ckappa)
-------Number of rules   : 42
-------Number of classes: 56
----count automorphism in lhs
-----Boolean encoding of the initial system
------Renaming
----count automorphism in lhs
-----Boolean encoding of the initial system
------Renaming
-------Translation(simplx->ckappa)
--Concretization...
--Concretization: 0.002572 sec. CPU
--Influence map computed
-Initialization: 0.138149 sec. CPU
-Simulation...
____________________________________________________________
############################################################
-Simulation: 7.913074 sec. CPU
-Outputting influence map
-Sampling data...
-End of sampling 0.0073 s CPU
-Outputting results in xml session...
-Results outputted in xml session: 0.022754 sec. CPU
=========================== done with 9 =================================
1

**** Simulation by Plectix v3.393..2759_32 ****

*Warning* No memory limit defined
-Compilation...
-Compilation: 0.023979 sec. CPU
-Initialization...
--Seeding random number generator with given seed 10
--Computing initial state
--Abstracting influence map...
---Influence map 
----Boolean encoding of the initial system
-----Renaming
------Translation(simplx->ckappa)
----Quark computation
--Abstraction: 0.010184 sec. CPU
----compute maximal refinement relation
-----compute refinement relation closure
------Boolean encoding of the quotiented system
-------Quotienting rules
-------Translation(simplx->ckappa)
-------Number of rules   : 42
-------Number of classes: 56
----count automorphism in lhs
-----Boolean encoding of the initial system
------Renaming
----count automorphism in lhs
-----Boolean encoding of the initial system
------Renaming
-------Translation(simplx->ckappa)
--Concretization...
--Concretization: 0.002558 sec. CPU
--Influence map computed
-Initialization: 0.138334 sec. CPU
-Simulation...
____________________________________________________________
############################################################
-Simulation: 7.806419 sec. CPU
-Outputting influence map
-Sampling data...
-End of sampling 0.0075 s CPU
-Outputting results in xml session...
-Results outputted in xml session: 0.022258 sec. CPU
=========================== done with 10 =================================
1

**** Simulation by Plectix v3.393..2759_32 ****

*Warning* No memory limit defined
-Compilation...
-Compilation: 0.023962 sec. CPU
-Initialization...
--Seeding random number generator with given seed 11
--Computing initial state
--Abstracting influence map...
---Influence map 
----Boolean encoding of the initial system
-----Renaming
------Translation(simplx->ckappa)
----Quark computation
--Abstraction: 0.010076 sec. CPU
----compute maximal refinement relation
-----compute refinement relation closure
------Boolean encoding of the quotiented system
-------Quotienting rules
-------Translation(simplx->ckappa)
-------Number of rules   : 42
-------Number of classes: 56
----count automorphism in lhs
-----Boolean encoding of the initial system
------Renaming
----count automorphism in lhs
-----Boolean encoding of the initial system
------Renaming
-------Translation(simplx->ckappa)
--Concretization...
--Concretization: 0.002526 sec. CPU
--Influence map computed
-Initialization: 0.138040 sec. CPU
-Simulation...
____________________________________________________________
############################################################
-Simulation: 7.749737 sec. CPU
-Outputting influence map
-Sampling data...
-End of sampling 0.0074 s CPU
-Outputting results in xml session...
-Results outputted in xml session: 0.022300 sec. CPU
=========================== done with 11 =================================
1

**** Simulation by Plectix v3.393..2759_32 ****

*Warning* No memory limit defined
-Compilation...
-Compilation: 0.024229 sec. CPU
-Initialization...
--Seeding random number generator with given seed 12
--Computing initial state
--Abstracting influence map...
---Influence map 
----Boolean encoding of the initial system
-----Renaming
------Translation(simplx->ckappa)
----Quark computation
--Abstraction: 0.010129 sec. CPU
----compute maximal refinement relation
-----compute refinement relation closure
------Boolean encoding of the quotiented system
-------Quotienting rules
-------Translation(simplx->ckappa)
-------Number of rules   : 42
-------Number of classes: 56
----count automorphism in lhs
-----Boolean encoding of the initial system
------Renaming
----count automorphism in lhs
-----Boolean encoding of the initial system
------Renaming
-------Translation(simplx->ckappa)
--Concretization...
--Concretization: 0.002557 sec. CPU
--Influence map computed
-Initialization: 0.138231 sec. CPU
-Simulation...
____________________________________________________________
############################################################
-Simulation: 7.810127 sec. CPU
-Outputting influence map
-Sampling data...
-End of sampling 0.0072 s CPU
-Outputting results in xml session...
-Results outputted in xml session: 0.022733 sec. CPU
=========================== done with 12 =================================
1

**** Simulation by Plectix v3.393..2759_32 ****

*Warning* No memory limit defined
-Compilation...
-Compilation: 0.024099 sec. CPU
-Initialization...
--Seeding random number generator with given seed 13
--Computing initial state
--Abstracting influence map...
---Influence map 
----Boolean encoding of the initial system
-----Renaming
------Translation(simplx->ckappa)
----Quark computation
--Abstraction: 0.010311 sec. CPU
----compute maximal refinement relation
-----compute refinement relation closure
------Boolean encoding of the quotiented system
-------Quotienting rules
-------Translation(simplx->ckappa)
-------Number of rules   : 42
-------Number of classes: 56
----count automorphism in lhs
-----Boolean encoding of the initial system
------Renaming
----count automorphism in lhs
-----Boolean encoding of the initial system
------Renaming
-------Translation(simplx->ckappa)
--Concretization...
--Concretization: 0.002610 sec. CPU
--Influence map computed
-Initialization: 0.138109 sec. CPU
-Simulation...
____________________________________________________________
############################################################
-Simulation: 7.930840 sec. CPU
-Outputting influence map
-Sampling data...
-End of sampling 0.0071 s CPU
-Outputting results in xml session...
-Results outputted in xml session: 0.022024 sec. CPU
=========================== done with 13 =================================
1

**** Simulation by Plectix v3.393..2759_32 ****

*Warning* No memory limit defined
-Compilation...
-Compilation: 0.024300 sec. CPU
-Initialization...
--Seeding random number generator with given seed 14
--Computing initial state
--Abstracting influence map...
---Influence map 
----Boolean encoding of the initial system
-----Renaming
------Translation(simplx->ckappa)
----Quark computation
--Abstraction: 0.010352 sec. CPU
----compute maximal refinement relation
-----compute refinement relation closure
------Boolean encoding of the quotiented system
-------Quotienting rules
-------Translation(simplx->ckappa)
-------Number of rules   : 42
-------Number of classes: 56
----count automorphism in lhs
-----Boolean encoding of the initial system
------Renaming
----count automorphism in lhs
-----Boolean encoding of the initial system
------Renaming
-------Translation(simplx->ckappa)
--Concretization...
--Concretization: 0.002525 sec. CPU
--Influence map computed
-Initialization: 0.138764 sec. CPU
-Simulation...
____________________________________________________________
############################################################
-Simulation: 7.885747 sec. CPU
-Outputting influence map
-Sampling data...
-End of sampling 0.0065 s CPU
-Outputting results in xml session...
-Results outputted in xml session: 0.021603 sec. CPU
=========================== done with 14 =================================
1

**** Simulation by Plectix v3.393..2759_32 ****

*Warning* No memory limit defined
-Compilation...
-Compilation: 0.023976 sec. CPU
-Initialization...
--Seeding random number generator with given seed 15
--Computing initial state
--Abstracting influence map...
---Influence map 
----Boolean encoding of the initial system
-----Renaming
------Translation(simplx->ckappa)
----Quark computation
--Abstraction: 0.009979 sec. CPU
----compute maximal refinement relation
-----compute refinement relation closure
------Boolean encoding of the quotiented system
-------Quotienting rules
-------Translation(simplx->ckappa)
-------Number of rules   : 42
-------Number of classes: 56
----count automorphism in lhs
-----Boolean encoding of the initial system
------Renaming
----count automorphism in lhs
-----Boolean encoding of the initial system
------Renaming
-------Translation(simplx->ckappa)
--Concretization...
--Concretization: 0.002556 sec. CPU
--Influence map computed
-Initialization: 0.137975 sec. CPU
-Simulation...
____________________________________________________________
############################################################
-Simulation: 7.737596 sec. CPU
-Outputting influence map
-Sampling data...
-End of sampling 0.0065 s CPU
-Outputting results in xml session...
-Results outputted in xml session: 0.022421 sec. CPU
=========================== done with 15 =================================
1

**** Simulation by Plectix v3.393..2759_32 ****

*Warning* No memory limit defined
-Compilation...
-Compilation: 0.024093 sec. CPU
-Initialization...
--Seeding random number generator with given seed 16
--Computing initial state
--Abstracting influence map...
---Influence map 
----Boolean encoding of the initial system
-----Renaming
------Translation(simplx->ckappa)
----Quark computation
--Abstraction: 0.010218 sec. CPU
----compute maximal refinement relation
-----compute refinement relation closure
------Boolean encoding of the quotiented system
-------Quotienting rules
-------Translation(simplx->ckappa)
-------Number of rules   : 42
-------Number of classes: 56
----count automorphism in lhs
-----Boolean encoding of the initial system
------Renaming
----count automorphism in lhs
-----Boolean encoding of the initial system
------Renaming
-------Translation(simplx->ckappa)
--Concretization...
--Concretization: 0.002585 sec. CPU
--Influence map computed
-Initialization: 0.139180 sec. CPU
-Simulation...
____________________________________________________________
############################################################
-Simulation: 7.900298 sec. CPU
-Outputting influence map
-Sampling data...
-End of sampling 0.0075 s CPU
-Outputting results in xml session...
-Results outputted in xml session: 0.023824 sec. CPU
=========================== done with 16 =================================
1

**** Simulation by Plectix v3.393..2759_32 ****

*Warning* No memory limit defined
-Compilation...
-Compilation: 0.023994 sec. CPU
-Initialization...
--Seeding random number generator with given seed 17
--Computing initial state
--Abstracting influence map...
---Influence map 
----Boolean encoding of the initial system
-----Renaming
------Translation(simplx->ckappa)
----Quark computation
--Abstraction: 0.009995 sec. CPU
----compute maximal refinement relation
-----compute refinement relation closure
------Boolean encoding of the quotiented system
-------Quotienting rules
-------Translation(simplx->ckappa)
-------Number of rules   : 42
-------Number of classes: 56
----count automorphism in lhs
-----Boolean encoding of the initial system
------Renaming
----count automorphism in lhs
-----Boolean encoding of the initial system
------Renaming
-------Translation(simplx->ckappa)
--Concretization...
--Concretization: 0.002530 sec. CPU
--Influence map computed
-Initialization: 0.138282 sec. CPU
-Simulation...
____________________________________________________________
############################################################
-Simulation: 8.001251 sec. CPU
-Outputting influence map
-Sampling data...
-End of sampling 0.0063 s CPU
-Outputting results in xml session...
-Results outputted in xml session: 0.022772 sec. CPU
=========================== done with 17 =================================
1

**** Simulation by Plectix v3.393..2759_32 ****

*Warning* No memory limit defined
-Compilation...
-Compilation: 0.023930 sec. CPU
-Initialization...
--Seeding random number generator with given seed 18
--Computing initial state
--Abstracting influence map...
---Influence map 
----Boolean encoding of the initial system
-----Renaming
------Translation(simplx->ckappa)
----Quark computation
--Abstraction: 0.009697 sec. CPU
----compute maximal refinement relation
-----compute refinement relation closure
------Boolean encoding of the quotiented system
-------Quotienting rules
-------Translation(simplx->ckappa)
-------Number of rules   : 42
-------Number of classes: 56
----count automorphism in lhs
-----Boolean encoding of the initial system
------Renaming
----count automorphism in lhs
-----Boolean encoding of the initial system
------Renaming
-------Translation(simplx->ckappa)
--Concretization...
--Concretization: 0.002505 sec. CPU
--Influence map computed
-Initialization: 0.139487 sec. CPU
-Simulation...
____________________________________________________________
############################################################
-Simulation: 7.819648 sec. CPU
-Outputting influence map
-Sampling data...
-End of sampling 0.0067 s CPU
-Outputting results in xml session...
-Results outputted in xml session: 0.023006 sec. CPU
=========================== done with 18 =================================
1

**** Simulation by Plectix v3.393..2759_32 ****

*Warning* No memory limit defined
-Compilation...
-Compilation: 0.024128 sec. CPU
-Initialization...
--Seeding random number generator with given seed 19
--Computing initial state
--Abstracting influence map...
---Influence map 
----Boolean encoding of the initial system
-----Renaming
------Translation(simplx->ckappa)
----Quark computation
--Abstraction: 0.009732 sec. CPU
----compute maximal refinement relation
-----compute refinement relation closure
------Boolean encoding of the quotiented system
-------Quotienting rules
-------Translation(simplx->ckappa)
-------Number of rules   : 42
-------Number of classes: 56
----count automorphism in lhs
-----Boolean encoding of the initial system
------Renaming
----count automorphism in lhs
-----Boolean encoding of the initial system
------Renaming
-------Translation(simplx->ckappa)
--Concretization...
--Concretization: 0.002576 sec. CPU
--Influence map computed
-Initialization: 0.137391 sec. CPU
-Simulation...
____________________________________________________________
############################################################
-Simulation: 7.860076 sec. CPU
-Outputting influence map
-Sampling data...
-End of sampling 0.0079 s CPU
-Outputting results in xml session...
-Results outputted in xml session: 0.024751 sec. CPU
=========================== done with 19 =================================
1

**** Simulation by Plectix v3.393..2759_32 ****

*Warning* No memory limit defined
-Compilation...
-Compilation: 0.023957 sec. CPU
-Initialization...
--Seeding random number generator with given seed 20
--Computing initial state
--Abstracting influence map...
---Influence map 
----Boolean encoding of the initial system
-----Renaming
------Translation(simplx->ckappa)
----Quark computation
--Abstraction: 0.010748 sec. CPU
----compute maximal refinement relation
-----compute refinement relation closure
------Boolean encoding of the quotiented system
-------Quotienting rules
-------Translation(simplx->ckappa)
-------Number of rules   : 42
-------Number of classes: 56
----count automorphism in lhs
-----Boolean encoding of the initial system
------Renaming
----count automorphism in lhs
-----Boolean encoding of the initial system
------Renaming
-------Translation(simplx->ckappa)
--Concretization...
--Concretization: 0.002529 sec. CPU
--Influence map computed
-Initialization: 0.139116 sec. CPU
-Simulation...
____________________________________________________________
############################################################
-Simulation: 7.960330 sec. CPU
-Outputting influence map
-Sampling data...
-End of sampling 0.0092 s CPU
-Outputting results in xml session...
-Results outputted in xml session: 0.022253 sec. CPU
=========================== done with 20 =================================
1

**** Simulation by Plectix v3.393..2759_32 ****

*Warning* No memory limit defined
-Compilation...
-Compilation: 0.024569 sec. CPU
-Initialization...
--Seeding random number generator with given seed 21
--Computing initial state
--Abstracting influence map...
---Influence map 
----Boolean encoding of the initial system
-----Renaming
------Translation(simplx->ckappa)
----Quark computation
--Abstraction: 0.009521 sec. CPU
----compute maximal refinement relation
-----compute refinement relation closure
------Boolean encoding of the quotiented system
-------Quotienting rules
-------Translation(simplx->ckappa)
-------Number of rules   : 42
-------Number of classes: 56
----count automorphism in lhs
-----Boolean encoding of the initial system
------Renaming
----count automorphism in lhs
-----Boolean encoding of the initial system
------Renaming
-------Translation(simplx->ckappa)
--Concretization...
--Concretization: 0.002545 sec. CPU
--Influence map computed
-Initialization: 0.138139 sec. CPU
-Simulation...
____________________________________________________________
############################################################
-Simulation: 8.139136 sec. CPU
-Outputting influence map
-Sampling data...
-End of sampling 0.0065 s CPU
-Outputting results in xml session...
-Results outputted in xml session: 0.021901 sec. CPU
=========================== done with 21 =================================
1

**** Simulation by Plectix v3.393..2759_32 ****

*Warning* No memory limit defined
-Compilation...
-Compilation: 0.024565 sec. CPU
-Initialization...
--Seeding random number generator with given seed 22
--Computing initial state
--Abstracting influence map...
---Influence map 
----Boolean encoding of the initial system
-----Renaming
------Translation(simplx->ckappa)
----Quark computation
--Abstraction: 0.010630 sec. CPU
----compute maximal refinement relation
-----compute refinement relation closure
------Boolean encoding of the quotiented system
-------Quotienting rules
-------Translation(simplx->ckappa)
-------Number of rules   : 42
-------Number of classes: 56
----count automorphism in lhs
-----Boolean encoding of the initial system
------Renaming
----count automorphism in lhs
-----Boolean encoding of the initial system
------Renaming
-------Translation(simplx->ckappa)
--Concretization...
--Concretization: 0.002550 sec. CPU
--Influence map computed
-Initialization: 0.139907 sec. CPU
-Simulation...
____________________________________________________________
############################################################
-Simulation: 7.957791 sec. CPU
-Outputting influence map
-Sampling data...
-End of sampling 0.0075 s CPU
-Outputting results in xml session...
-Results outputted in xml session: 0.021532 sec. CPU
=========================== done with 22 =================================
1

**** Simulation by Plectix v3.393..2759_32 ****

*Warning* No memory limit defined
-Compilation...
-Compilation: 0.024018 sec. CPU
-Initialization...
--Seeding random number generator with given seed 23
--Computing initial state
--Abstracting influence map...
---Influence map 
----Boolean encoding of the initial system
-----Renaming
------Translation(simplx->ckappa)
----Quark computation
--Abstraction: 0.010356 sec. CPU
----compute maximal refinement relation
-----compute refinement relation closure
------Boolean encoding of the quotiented system
-------Quotienting rules
-------Translation(simplx->ckappa)
-------Number of rules   : 42
-------Number of classes: 56
----count automorphism in lhs
-----Boolean encoding of the initial system
------Renaming
----count automorphism in lhs
-----Boolean encoding of the initial system
------Renaming
-------Translation(simplx->ckappa)
--Concretization...
--Concretization: 0.002548 sec. CPU
--Influence map computed
-Initialization: 0.138855 sec. CPU
-Simulation...
____________________________________________________________
############################################################
-Simulation: 7.920207 sec. CPU
-Outputting influence map
-Sampling data...
-End of sampling 0.0091 s CPU
-Outputting results in xml session...
-Results outputted in xml session: 0.022570 sec. CPU
=========================== done with 23 =================================
1

**** Simulation by Plectix v3.393..2759_32 ****

*Warning* No memory limit defined
-Compilation...
-Compilation: 0.024479 sec. CPU
-Initialization...
--Seeding random number generator with given seed 24
--Computing initial state
--Abstracting influence map...
---Influence map 
----Boolean encoding of the initial system
-----Renaming
------Translation(simplx->ckappa)
----Quark computation
--Abstraction: 0.010060 sec. CPU
----compute maximal refinement relation
-----compute refinement relation closure
------Boolean encoding of the quotiented system
-------Quotienting rules
-------Translation(simplx->ckappa)
-------Number of rules   : 42
-------Number of classes: 56
----count automorphism in lhs
-----Boolean encoding of the initial system
------Renaming
----count automorphism in lhs
-----Boolean encoding of the initial system
------Renaming
-------Translation(simplx->ckappa)
--Concretization...
--Concretization: 0.002540 sec. CPU
--Influence map computed
-Initialization: 0.137783 sec. CPU
-Simulation...
____________________________________________________________
############################################################
-Simulation: 7.895742 sec. CPU
-Outputting influence map
-Sampling data...
-End of sampling 0.0083 s CPU
-Outputting results in xml session...
-Results outputted in xml session: 0.025356 sec. CPU
=========================== done with 24 =================================
1

**** Simulation by Plectix v3.393..2759_32 ****

*Warning* No memory limit defined
-Compilation...
-Compilation: 0.024044 sec. CPU
-Initialization...
--Seeding random number generator with given seed 25
--Computing initial state
--Abstracting influence map...
---Influence map 
----Boolean encoding of the initial system
-----Renaming
------Translation(simplx->ckappa)
----Quark computation
--Abstraction: 0.009843 sec. CPU
----compute maximal refinement relation
-----compute refinement relation closure
------Boolean encoding of the quotiented system
-------Quotienting rules
-------Translation(simplx->ckappa)
-------Number of rules   : 42
-------Number of classes: 56
----count automorphism in lhs
-----Boolean encoding of the initial system
------Renaming
----count automorphism in lhs
-----Boolean encoding of the initial system
------Renaming
-------Translation(simplx->ckappa)
--Concretization...
--Concretization: 0.002509 sec. CPU
--Influence map computed
-Initialization: 0.137752 sec. CPU
-Simulation...
____________________________________________________________
############################################################
-Simulation: 7.771302 sec. CPU
-Outputting influence map
-Sampling data...
-End of sampling 0.0068 s CPU
-Outputting results in xml session...
-Results outputted in xml session: 0.021316 sec. CPU
=========================== done with 25 =================================
1

**** Simulation by Plectix v3.393..2759_32 ****

*Warning* No memory limit defined
-Compilation...
-Compilation: 0.024303 sec. CPU
-Initialization...
--Seeding random number generator with given seed 26
--Computing initial state
--Abstracting influence map...
---Influence map 
----Boolean encoding of the initial system
-----Renaming
------Translation(simplx->ckappa)
----Quark computation
--Abstraction: 0.009148 sec. CPU
----compute maximal refinement relation
-----compute refinement relation closure
------Boolean encoding of the quotiented system
-------Quotienting rules
-------Translation(simplx->ckappa)
-------Number of rules   : 42
-------Number of classes: 56
----count automorphism in lhs
-----Boolean encoding of the initial system
------Renaming
----count automorphism in lhs
-----Boolean encoding of the initial system
------Renaming
-------Translation(simplx->ckappa)
--Concretization...
--Concretization: 0.002613 sec. CPU
--Influence map computed
-Initialization: 0.138205 sec. CPU
-Simulation...
____________________________________________________________
############################################################
-Simulation: 7.786922 sec. CPU
-Outputting influence map
-Sampling data...
-End of sampling 0.0071 s CPU
-Outputting results in xml session...
-Results outputted in xml session: 0.021645 sec. CPU
=========================== done with 26 =================================
1

**** Simulation by Plectix v3.393..2759_32 ****

*Warning* No memory limit defined
-Compilation...
-Compilation: 0.024031 sec. CPU
-Initialization...
--Seeding random number generator with given seed 27
--Computing initial state
--Abstracting influence map...
---Influence map 
----Boolean encoding of the initial system
-----Renaming
------Translation(simplx->ckappa)
----Quark computation
--Abstraction: 0.010687 sec. CPU
----compute maximal refinement relation
-----compute refinement relation closure
------Boolean encoding of the quotiented system
-------Quotienting rules
-------Translation(simplx->ckappa)
-------Number of rules   : 42
-------Number of classes: 56
----count automorphism in lhs
-----Boolean encoding of the initial system
------Renaming
----count automorphism in lhs
-----Boolean encoding of the initial system
------Renaming
-------Translation(simplx->ckappa)
--Concretization...
--Concretization: 0.002537 sec. CPU
--Influence map computed
-Initialization: 0.138700 sec. CPU
-Simulation...
____________________________________________________________
############################################################
-Simulation: 7.885034 sec. CPU
-Outputting influence map
-Sampling data...
-End of sampling 0.0081 s CPU
-Outputting results in xml session...
-Results outputted in xml session: 0.025880 sec. CPU
=========================== done with 27 =================================
1

**** Simulation by Plectix v3.393..2759_32 ****

*Warning* No memory limit defined
-Compilation...
-Compilation: 0.024511 sec. CPU
-Initialization...
--Seeding random number generator with given seed 28
--Computing initial state
--Abstracting influence map...
---Influence map 
----Boolean encoding of the initial system
-----Renaming
------Translation(simplx->ckappa)
----Quark computation
--Abstraction: 0.009887 sec. CPU
----compute maximal refinement relation
-----compute refinement relation closure
------Boolean encoding of the quotiented system
-------Quotienting rules
-------Translation(simplx->ckappa)
-------Number of rules   : 42
-------Number of classes: 56
----count automorphism in lhs
-----Boolean encoding of the initial system
------Renaming
----count automorphism in lhs
-----Boolean encoding of the initial system
------Renaming
-------Translation(simplx->ckappa)
--Concretization...
--Concretization: 0.002575 sec. CPU
--Influence map computed
-Initialization: 0.138003 sec. CPU
-Simulation...
____________________________________________________________
############################################################
-Simulation: 7.753151 sec. CPU
-Outputting influence map
-Sampling data...
-End of sampling 0.0062 s CPU
-Outputting results in xml session...
-Results outputted in xml session: 0.021646 sec. CPU
=========================== done with 28 =================================
1

**** Simulation by Plectix v3.393..2759_32 ****

*Warning* No memory limit defined
-Compilation...
-Compilation: 0.024383 sec. CPU
-Initialization...
--Seeding random number generator with given seed 29
--Computing initial state
--Abstracting influence map...
---Influence map 
----Boolean encoding of the initial system
-----Renaming
------Translation(simplx->ckappa)
----Quark computation
--Abstraction: 0.010461 sec. CPU
----compute maximal refinement relation
-----compute refinement relation closure
------Boolean encoding of the quotiented system
-------Quotienting rules
-------Translation(simplx->ckappa)
-------Number of rules   : 42
-------Number of classes: 56
----count automorphism in lhs
-----Boolean encoding of the initial system
------Renaming
----count automorphism in lhs
-----Boolean encoding of the initial system
------Renaming
-------Translation(simplx->ckappa)
--Concretization...
--Concretization: 0.002487 sec. CPU
--Influence map computed
-Initialization: 0.138493 sec. CPU
-Simulation...
____________________________________________________________
############################################################
-Simulation: 7.951594 sec. CPU
-Outputting influence map
-Sampling data...
-End of sampling 0.0104 s CPU
-Outputting results in xml session...
-Results outputted in xml session: 0.028046 sec. CPU
=========================== done with 29 =================================
1

**** Simulation by Plectix v3.393..2759_32 ****

*Warning* No memory limit defined
-Compilation...
-Compilation: 0.024334 sec. CPU
-Initialization...
--Seeding random number generator with given seed 30
--Computing initial state
--Abstracting influence map...
---Influence map 
----Boolean encoding of the initial system
-----Renaming
------Translation(simplx->ckappa)
----Quark computation
--Abstraction: 0.010406 sec. CPU
----compute maximal refinement relation
-----compute refinement relation closure
------Boolean encoding of the quotiented system
-------Quotienting rules
-------Translation(simplx->ckappa)
-------Number of rules   : 42
-------Number of classes: 56
----count automorphism in lhs
-----Boolean encoding of the initial system
------Renaming
----count automorphism in lhs
-----Boolean encoding of the initial system
------Renaming
-------Translation(simplx->ckappa)
--Concretization...
--Concretization: 0.002516 sec. CPU
--Influence map computed
-Initialization: 0.138112 sec. CPU
-Simulation...
____________________________________________________________
############################################################
-Simulation: 7.919739 sec. CPU
-Outputting influence map
-Sampling data...
-End of sampling 0.0070 s CPU
-Outputting results in xml session...
-Results outputted in xml session: 0.023402 sec. CPU
=========================== done with 30 =================================
1

**** Simulation by Plectix v3.393..2759_32 ****

*Warning* No memory limit defined
-Compilation...
-Compilation: 0.024343 sec. CPU
-Initialization...
--Seeding random number generator with given seed 31
--Computing initial state
--Abstracting influence map...
---Influence map 
----Boolean encoding of the initial system
-----Renaming
------Translation(simplx->ckappa)
----Quark computation
--Abstraction: 0.010120 sec. CPU
----compute maximal refinement relation
-----compute refinement relation closure
------Boolean encoding of the quotiented system
-------Quotienting rules
-------Translation(simplx->ckappa)
-------Number of rules   : 42
-------Number of classes: 56
----count automorphism in lhs
-----Boolean encoding of the initial system
------Renaming
----count automorphism in lhs
-----Boolean encoding of the initial system
------Renaming
-------Translation(simplx->ckappa)
--Concretization...
--Concretization: 0.002559 sec. CPU
--Influence map computed
-Initialization: 0.139183 sec. CPU
-Simulation...
____________________________________________________________
############################################################
-Simulation: 8.052078 sec. CPU
-Outputting influence map
-Sampling data...
-End of sampling 0.0066 s CPU
-Outputting results in xml session...
-Results outputted in xml session: 0.022383 sec. CPU
=========================== done with 31 =================================
1

**** Simulation by Plectix v3.393..2759_32 ****

*Warning* No memory limit defined
-Compilation...
-Compilation: 0.024119 sec. CPU
-Initialization...
--Seeding random number generator with given seed 32
--Computing initial state
--Abstracting influence map...
---Influence map 
----Boolean encoding of the initial system
-----Renaming
------Translation(simplx->ckappa)
----Quark computation
--Abstraction: 0.010350 sec. CPU
----compute maximal refinement relation
-----compute refinement relation closure
------Boolean encoding of the quotiented system
-------Quotienting rules
-------Translation(simplx->ckappa)
-------Number of rules   : 42
-------Number of classes: 56
----count automorphism in lhs
-----Boolean encoding of the initial system
------Renaming
----count automorphism in lhs
-----Boolean encoding of the initial system
------Renaming
-------Translation(simplx->ckappa)
--Concretization...
--Concretization: 0.002547 sec. CPU
--Influence map computed
-Initialization: 0.138451 sec. CPU
-Simulation...
____________________________________________________________
############################################################
-Simulation: 7.952002 sec. CPU
-Outputting influence map
-Sampling data...
-End of sampling 0.0063 s CPU
-Outputting results in xml session...
-Results outputted in xml session: 0.022090 sec. CPU
=========================== done with 32 =================================
1

**** Simulation by Plectix v3.393..2759_32 ****

*Warning* No memory limit defined
-Compilation...
-Compilation: 0.024055 sec. CPU
-Initialization...
--Seeding random number generator with given seed 33
--Computing initial state
--Abstracting influence map...
---Influence map 
----Boolean encoding of the initial system
-----Renaming
------Translation(simplx->ckappa)
----Quark computation
--Abstraction: 0.010352 sec. CPU
----compute maximal refinement relation
-----compute refinement relation closure
------Boolean encoding of the quotiented system
-------Quotienting rules
-------Translation(simplx->ckappa)
-------Number of rules   : 42
-------Number of classes: 56
----count automorphism in lhs
-----Boolean encoding of the initial system
------Renaming
----count automorphism in lhs
-----Boolean encoding of the initial system
------Renaming
-------Translation(simplx->ckappa)
--Concretization...
--Concretization: 0.002654 sec. CPU
--Influence map computed
-Initialization: 0.139688 sec. CPU
-Simulation...
____________________________________________________________
############################################################
-Simulation: 8.048191 sec. CPU
-Outputting influence map
-Sampling data...
-End of sampling 0.0075 s CPU
-Outputting results in xml session...
-Results outputted in xml session: 0.024862 sec. CPU
=========================== done with 33 =================================
1

**** Simulation by Plectix v3.393..2759_32 ****

*Warning* No memory limit defined
-Compilation...
-Compilation: 0.024254 sec. CPU
-Initialization...
--Seeding random number generator with given seed 34
--Computing initial state
--Abstracting influence map...
---Influence map 
----Boolean encoding of the initial system
-----Renaming
------Translation(simplx->ckappa)
----Quark computation
--Abstraction: 0.010380 sec. CPU
----compute maximal refinement relation
-----compute refinement relation closure
------Boolean encoding of the quotiented system
-------Quotienting rules
-------Translation(simplx->ckappa)
-------Number of rules   : 42
-------Number of classes: 56
----count automorphism in lhs
-----Boolean encoding of the initial system
------Renaming
----count automorphism in lhs
-----Boolean encoding of the initial system
------Renaming
-------Translation(simplx->ckappa)
--Concretization...
--Concretization: 0.002633 sec. CPU
--Influence map computed
-Initialization: 0.140509 sec. CPU
-Simulation...
____________________________________________________________
############################################################
-Simulation: 8.038943 sec. CPU
-Outputting influence map
-Sampling data...
-End of sampling 0.0066 s CPU
-Outputting results in xml session...
-Results outputted in xml session: 0.023595 sec. CPU
=========================== done with 34 =================================
1

**** Simulation by Plectix v3.393..2759_32 ****

*Warning* No memory limit defined
-Compilation...
-Compilation: 0.023962 sec. CPU
-Initialization...
--Seeding random number generator with given seed 35
--Computing initial state
--Abstracting influence map...
---Influence map 
----Boolean encoding of the initial system
-----Renaming
------Translation(simplx->ckappa)
----Quark computation
--Abstraction: 0.010414 sec. CPU
----compute maximal refinement relation
-----compute refinement relation closure
------Boolean encoding of the quotiented system
-------Quotienting rules
-------Translation(simplx->ckappa)
-------Number of rules   : 42
-------Number of classes: 56
----count automorphism in lhs
-----Boolean encoding of the initial system
------Renaming
----count automorphism in lhs
-----Boolean encoding of the initial system
------Renaming
-------Translation(simplx->ckappa)
--Concretization...
--Concretization: 0.002527 sec. CPU
--Influence map computed
-Initialization: 0.139186 sec. CPU
-Simulation...
____________________________________________________________
############################################################
-Simulation: 7.812137 sec. CPU
-Outputting influence map
-Sampling data...
-End of sampling 0.0071 s CPU
-Outputting results in xml session...
-Results outputted in xml session: 0.021677 sec. CPU
=========================== done with 35 =================================
1

**** Simulation by Plectix v3.393..2759_32 ****

*Warning* No memory limit defined
-Compilation...
-Compilation: 0.025407 sec. CPU
-Initialization...
--Seeding random number generator with given seed 36
--Computing initial state
--Abstracting influence map...
---Influence map 
----Boolean encoding of the initial system
-----Renaming
------Translation(simplx->ckappa)
----Quark computation
--Abstraction: 0.009488 sec. CPU
----compute maximal refinement relation
-----compute refinement relation closure
------Boolean encoding of the quotiented system
-------Quotienting rules
-------Translation(simplx->ckappa)
-------Number of rules   : 42
-------Number of classes: 56
----count automorphism in lhs
-----Boolean encoding of the initial system
------Renaming
----count automorphism in lhs
-----Boolean encoding of the initial system
------Renaming
-------Translation(simplx->ckappa)
--Concretization...
--Concretization: 0.002560 sec. CPU
--Influence map computed
-Initialization: 0.137807 sec. CPU
-Simulation...
____________________________________________________________
############################################################
-Simulation: 7.885665 sec. CPU
-Outputting influence map
-Sampling data...
-End of sampling 0.0067 s CPU
-Outputting results in xml session...
-Results outputted in xml session: 0.022483 sec. CPU
=========================== done with 36 =================================
1

**** Simulation by Plectix v3.393..2759_32 ****

*Warning* No memory limit defined
-Compilation...
-Compilation: 0.024033 sec. CPU
-Initialization...
--Seeding random number generator with given seed 37
--Computing initial state
--Abstracting influence map...
---Influence map 
----Boolean encoding of the initial system
-----Renaming
------Translation(simplx->ckappa)
----Quark computation
--Abstraction: 0.010354 sec. CPU
----compute maximal refinement relation
-----compute refinement relation closure
------Boolean encoding of the quotiented system
-------Quotienting rules
-------Translation(simplx->ckappa)
-------Number of rules   : 42
-------Number of classes: 56
----count automorphism in lhs
-----Boolean encoding of the initial system
------Renaming
----count automorphism in lhs
-----Boolean encoding of the initial system
------Renaming
-------Translation(simplx->ckappa)
--Concretization...
--Concretization: 0.002514 sec. CPU
--Influence map computed
-Initialization: 0.138423 sec. CPU
-Simulation...
____________________________________________________________
############################################################
-Simulation: 7.903987 sec. CPU
-Outputting influence map
-Sampling data...
-End of sampling 0.0070 s CPU
-Outputting results in xml session...
-Results outputted in xml session: 0.022882 sec. CPU
=========================== done with 37 =================================
1

**** Simulation by Plectix v3.393..2759_32 ****

*Warning* No memory limit defined
-Compilation...
-Compilation: 0.024072 sec. CPU
-Initialization...
--Seeding random number generator with given seed 38
--Computing initial state
--Abstracting influence map...
---Influence map 
----Boolean encoding of the initial system
-----Renaming
------Translation(simplx->ckappa)
----Quark computation
--Abstraction: 0.010085 sec. CPU
----compute maximal refinement relation
-----compute refinement relation closure
------Boolean encoding of the quotiented system
-------Quotienting rules
-------Translation(simplx->ckappa)
-------Number of rules   : 42
-------Number of classes: 56
----count automorphism in lhs
-----Boolean encoding of the initial system
------Renaming
----count automorphism in lhs
-----Boolean encoding of the initial system
------Renaming
-------Translation(simplx->ckappa)
--Concretization...
--Concretization: 0.002537 sec. CPU
--Influence map computed
-Initialization: 0.137756 sec. CPU
-Simulation...
____________________________________________________________
############################################################
-Simulation: 8.074676 sec. CPU
-Outputting influence map
-Sampling data...
-End of sampling 0.0073 s CPU
-Outputting results in xml session...
-Results outputted in xml session: 0.021654 sec. CPU
=========================== done with 38 =================================
1

**** Simulation by Plectix v3.393..2759_32 ****

*Warning* No memory limit defined
-Compilation...
-Compilation: 0.024099 sec. CPU
-Initialization...
--Seeding random number generator with given seed 39
--Computing initial state
--Abstracting influence map...
---Influence map 
----Boolean encoding of the initial system
-----Renaming
------Translation(simplx->ckappa)
----Quark computation
--Abstraction: 0.010219 sec. CPU
----compute maximal refinement relation
-----compute refinement relation closure
------Boolean encoding of the quotiented system
-------Quotienting rules
-------Translation(simplx->ckappa)
-------Number of rules   : 42
-------Number of classes: 56
----count automorphism in lhs
-----Boolean encoding of the initial system
------Renaming
----count automorphism in lhs
-----Boolean encoding of the initial system
------Renaming
-------Translation(simplx->ckappa)
--Concretization...
--Concretization: 0.002498 sec. CPU
--Influence map computed
-Initialization: 0.137722 sec. CPU
-Simulation...
____________________________________________________________
############################################################
-Simulation: 7.820779 sec. CPU
-Outputting influence map
-Sampling data...
-End of sampling 0.0064 s CPU
-Outputting results in xml session...
-Results outputted in xml session: 0.022566 sec. CPU
=========================== done with 39 =================================
1

**** Simulation by Plectix v3.393..2759_32 ****

*Warning* No memory limit defined
-Compilation...
-Compilation: 0.024379 sec. CPU
-Initialization...
--Seeding random number generator with given seed 40
--Computing initial state
--Abstracting influence map...
---Influence map 
----Boolean encoding of the initial system
-----Renaming
------Translation(simplx->ckappa)
----Quark computation
--Abstraction: 0.009249 sec. CPU
----compute maximal refinement relation
-----compute refinement relation closure
------Boolean encoding of the quotiented system
-------Quotienting rules
-------Translation(simplx->ckappa)
-------Number of rules   : 42
-------Number of classes: 56
----count automorphism in lhs
-----Boolean encoding of the initial system
------Renaming
----count automorphism in lhs
-----Boolean encoding of the initial system
------Renaming
-------Translation(simplx->ckappa)
--Concretization...
--Concretization: 0.002517 sec. CPU
--Influence map computed
-Initialization: 0.137844 sec. CPU
-Simulation...
____________________________________________________________
############################################################
-Simulation: 7.864617 sec. CPU
-Outputting influence map
-Sampling data...
-End of sampling 0.0072 s CPU
-Outputting results in xml session...
-Results outputted in xml session: 0.024110 sec. CPU
=========================== done with 40 =================================
1

**** Simulation by Plectix v3.393..2759_32 ****

*Warning* No memory limit defined
-Compilation...
-Compilation: 0.023976 sec. CPU
-Initialization...
--Seeding random number generator with given seed 41
--Computing initial state
--Abstracting influence map...
---Influence map 
----Boolean encoding of the initial system
-----Renaming
------Translation(simplx->ckappa)
----Quark computation
--Abstraction: 0.010182 sec. CPU
----compute maximal refinement relation
-----compute refinement relation closure
------Boolean encoding of the quotiented system
-------Quotienting rules
-------Translation(simplx->ckappa)
-------Number of rules   : 42
-------Number of classes: 56
----count automorphism in lhs
-----Boolean encoding of the initial system
------Renaming
----count automorphism in lhs
-----Boolean encoding of the initial system
------Renaming
-------Translation(simplx->ckappa)
--Concretization...
--Concretization: 0.002508 sec. CPU
--Influence map computed
-Initialization: 0.138640 sec. CPU
-Simulation...
____________________________________________________________
############################################################
-Simulation: 7.893549 sec. CPU
-Outputting influence map
-Sampling data...
-End of sampling 0.0067 s CPU
-Outputting results in xml session...
-Results outputted in xml session: 0.021543 sec. CPU
=========================== done with 41 =================================
1

**** Simulation by Plectix v3.393..2759_32 ****

*Warning* No memory limit defined
-Compilation...
-Compilation: 0.023997 sec. CPU
-Initialization...
--Seeding random number generator with given seed 42
--Computing initial state
--Abstracting influence map...
---Influence map 
----Boolean encoding of the initial system
-----Renaming
------Translation(simplx->ckappa)
----Quark computation
--Abstraction: 0.010275 sec. CPU
----compute maximal refinement relation
-----compute refinement relation closure
------Boolean encoding of the quotiented system
-------Quotienting rules
-------Translation(simplx->ckappa)
-------Number of rules   : 42
-------Number of classes: 56
----count automorphism in lhs
-----Boolean encoding of the initial system
------Renaming
----count automorphism in lhs
-----Boolean encoding of the initial system
------Renaming
-------Translation(simplx->ckappa)
--Concretization...
--Concretization: 0.002537 sec. CPU
--Influence map computed
-Initialization: 0.139456 sec. CPU
-Simulation...
____________________________________________________________
############################################################
-Simulation: 7.941760 sec. CPU
-Outputting influence map
-Sampling data...
-End of sampling 0.0075 s CPU
-Outputting results in xml session...
-Results outputted in xml session: 0.026071 sec. CPU
=========================== done with 42 =================================
1

**** Simulation by Plectix v3.393..2759_32 ****

*Warning* No memory limit defined
-Compilation...
-Compilation: 0.025213 sec. CPU
-Initialization...
--Seeding random number generator with given seed 43
--Computing initial state
--Abstracting influence map...
---Influence map 
----Boolean encoding of the initial system
-----Renaming
------Translation(simplx->ckappa)
----Quark computation
--Abstraction: 0.010266 sec. CPU
----compute maximal refinement relation
-----compute refinement relation closure
------Boolean encoding of the quotiented system
-------Quotienting rules
-------Translation(simplx->ckappa)
-------Number of rules   : 42
-------Number of classes: 56
----count automorphism in lhs
-----Boolean encoding of the initial system
------Renaming
----count automorphism in lhs
-----Boolean encoding of the initial system
------Renaming
-------Translation(simplx->ckappa)
--Concretization...
--Concretization: 0.002548 sec. CPU
--Influence map computed
-Initialization: 0.138082 sec. CPU
-Simulation...
____________________________________________________________
############################################################
-Simulation: 8.073281 sec. CPU
-Outputting influence map
-Sampling data...
-End of sampling 0.0061 s CPU
-Outputting results in xml session...
-Results outputted in xml session: 0.021696 sec. CPU
=========================== done with 43 =================================
1

**** Simulation by Plectix v3.393..2759_32 ****

*Warning* No memory limit defined
-Compilation...
-Compilation: 0.024112 sec. CPU
-Initialization...
--Seeding random number generator with given seed 44
--Computing initial state
--Abstracting influence map...
---Influence map 
----Boolean encoding of the initial system
-----Renaming
------Translation(simplx->ckappa)
----Quark computation
--Abstraction: 0.010692 sec. CPU
----compute maximal refinement relation
-----compute refinement relation closure
------Boolean encoding of the quotiented system
-------Quotienting rules
-------Translation(simplx->ckappa)
-------Number of rules   : 42
-------Number of classes: 56
----count automorphism in lhs
-----Boolean encoding of the initial system
------Renaming
----count automorphism in lhs
-----Boolean encoding of the initial system
------Renaming
-------Translation(simplx->ckappa)
--Concretization...
--Concretization: 0.002581 sec. CPU
--Influence map computed
-Initialization: 0.139343 sec. CPU
-Simulation...
____________________________________________________________
############################################################
-Simulation: 8.029295 sec. CPU
-Outputting influence map
-Sampling data...
-End of sampling 0.0095 s CPU
-Outputting results in xml session...
-Results outputted in xml session: 0.029773 sec. CPU
=========================== done with 44 =================================
1

**** Simulation by Plectix v3.393..2759_32 ****

*Warning* No memory limit defined
-Compilation...
-Compilation: 0.024441 sec. CPU
-Initialization...
--Seeding random number generator with given seed 45
--Computing initial state
--Abstracting influence map...
---Influence map 
----Boolean encoding of the initial system
-----Renaming
------Translation(simplx->ckappa)
----Quark computation
--Abstraction: 0.010210 sec. CPU
----compute maximal refinement relation
-----compute refinement relation closure
------Boolean encoding of the quotiented system
-------Quotienting rules
-------Translation(simplx->ckappa)
-------Number of rules   : 42
-------Number of classes: 56
----count automorphism in lhs
-----Boolean encoding of the initial system
------Renaming
----count automorphism in lhs
-----Boolean encoding of the initial system
------Renaming
-------Translation(simplx->ckappa)
--Concretization...
--Concretization: 0.002567 sec. CPU
--Influence map computed
-Initialization: 0.140088 sec. CPU
-Simulation...
____________________________________________________________
############################################################
-Simulation: 8.010922 sec. CPU
-Outputting influence map
-Sampling data...
-End of sampling 0.0096 s CPU
-Outputting results in xml session...
-Results outputted in xml session: 0.025263 sec. CPU
=========================== done with 45 =================================
1

**** Simulation by Plectix v3.393..2759_32 ****

*Warning* No memory limit defined
-Compilation...
-Compilation: 0.024333 sec. CPU
-Initialization...
--Seeding random number generator with given seed 46
--Computing initial state
--Abstracting influence map...
---Influence map 
----Boolean encoding of the initial system
-----Renaming
------Translation(simplx->ckappa)
----Quark computation
--Abstraction: 0.010443 sec. CPU
----compute maximal refinement relation
-----compute refinement relation closure
------Boolean encoding of the quotiented system
-------Quotienting rules
-------Translation(simplx->ckappa)
-------Number of rules   : 42
-------Number of classes: 56
----count automorphism in lhs
-----Boolean encoding of the initial system
------Renaming
----count automorphism in lhs
-----Boolean encoding of the initial system
------Renaming
-------Translation(simplx->ckappa)
--Concretization...
--Concretization: 0.002550 sec. CPU
--Influence map computed
-Initialization: 0.138369 sec. CPU
-Simulation...
____________________________________________________________
############################################################
-Simulation: 8.007006 sec. CPU
-Outputting influence map
-Sampling data...
-End of sampling 0.0096 s CPU
-Outputting results in xml session...
-Results outputted in xml session: 0.026257 sec. CPU
=========================== done with 46 =================================
1

**** Simulation by Plectix v3.393..2759_32 ****

*Warning* No memory limit defined
-Compilation...
-Compilation: 0.024098 sec. CPU
-Initialization...
--Seeding random number generator with given seed 47
--Computing initial state
--Abstracting influence map...
---Influence map 
----Boolean encoding of the initial system
-----Renaming
------Translation(simplx->ckappa)
----Quark computation
--Abstraction: 0.010616 sec. CPU
----compute maximal refinement relation
-----compute refinement relation closure
------Boolean encoding of the quotiented system
-------Quotienting rules
-------Translation(simplx->ckappa)
-------Number of rules   : 42
-------Number of classes: 56
----count automorphism in lhs
-----Boolean encoding of the initial system
------Renaming
----count automorphism in lhs
-----Boolean encoding of the initial system
------Renaming
-------Translation(simplx->ckappa)
--Concretization...
--Concretization: 0.002665 sec. CPU
--Influence map computed
-Initialization: 0.140777 sec. CPU
-Simulation...
____________________________________________________________
############################################################
-Simulation: 7.888022 sec. CPU
-Outputting influence map
-Sampling data...
-End of sampling 0.0087 s CPU
-Outputting results in xml session...
-Results outputted in xml session: 0.022106 sec. CPU
=========================== done with 47 =================================
1

**** Simulation by Plectix v3.393..2759_32 ****

*Warning* No memory limit defined
-Compilation...
-Compilation: 0.024135 sec. CPU
-Initialization...
--Seeding random number generator with given seed 48
--Computing initial state
--Abstracting influence map...
---Influence map 
----Boolean encoding of the initial system
-----Renaming
------Translation(simplx->ckappa)
----Quark computation
--Abstraction: 0.010536 sec. CPU
----compute maximal refinement relation
-----compute refinement relation closure
------Boolean encoding of the quotiented system
-------Quotienting rules
-------Translation(simplx->ckappa)
-------Number of rules   : 42
-------Number of classes: 56
----count automorphism in lhs
-----Boolean encoding of the initial system
------Renaming
----count automorphism in lhs
-----Boolean encoding of the initial system
------Renaming
-------Translation(simplx->ckappa)
--Concretization...
--Concretization: 0.002556 sec. CPU
--Influence map computed
-Initialization: 0.138830 sec. CPU
-Simulation...
____________________________________________________________
############################################################
-Simulation: 7.744869 sec. CPU
-Outputting influence map
-Sampling data...
-End of sampling 0.0062 s CPU
-Outputting results in xml session...
-Results outputted in xml session: 0.021749 sec. CPU
=========================== done with 48 =================================
1

**** Simulation by Plectix v3.393..2759_32 ****

*Warning* No memory limit defined
-Compilation...
-Compilation: 0.024052 sec. CPU
-Initialization...
--Seeding random number generator with given seed 49
--Computing initial state
--Abstracting influence map...
---Influence map 
----Boolean encoding of the initial system
-----Renaming
------Translation(simplx->ckappa)
----Quark computation
--Abstraction: 0.010144 sec. CPU
----compute maximal refinement relation
-----compute refinement relation closure
------Boolean encoding of the quotiented system
-------Quotienting rules
-------Translation(simplx->ckappa)
-------Number of rules   : 42
-------Number of classes: 56
----count automorphism in lhs
-----Boolean encoding of the initial system
------Renaming
----count automorphism in lhs
-----Boolean encoding of the initial system
------Renaming
-------Translation(simplx->ckappa)
--Concretization...
--Concretization: 0.002559 sec. CPU
--Influence map computed
-Initialization: 0.138323 sec. CPU
-Simulation...
____________________________________________________________
############################################################
-Simulation: 7.816699 sec. CPU
-Outputting influence map
-Sampling data...
-End of sampling 0.0069 s CPU
-Outputting results in xml session...
-Results outputted in xml session: 0.023033 sec. CPU
=========================== done with 49 =================================
0
