1

**** Simulation by Plectix v3.393..2759_32 ****

*Warning* No memory limit defined
-Compilation...
-Compilation: 0.002812 sec. CPU
-Initialization...
--Seeding random number generator with given seed 0
--Computing initial state
--Abstracting influence map...
---Influence map 
----Boolean encoding of the initial system
-----Renaming
------Translation(simplx->ckappa)
----Quark computation
--Abstraction: 0.001034 sec. CPU
----compute maximal refinement relation
-----compute refinement relation closure
------Boolean encoding of the quotiented system
-------Quotienting rules
-------Translation(simplx->ckappa)
-------Number of rules   : 4
-------Number of classes: 5
----count automorphism in lhs
-----Boolean encoding of the initial system
------Renaming
----count automorphism in lhs
-----Boolean encoding of the initial system
------Renaming
-------Translation(simplx->ckappa)
--Concretization...
--Concretization: 0.000445 sec. CPU
--Influence map computed
-Initialization: 0.008209 sec. CPU
-Simulation...
____________________________________________________________
####################################
-Simulation: 0.145451 sec. CPU
-Outputting influence map
-Sampling data...
-End of sampling 0.0018 s CPU
-Outputting results in xml session...
-Results outputted in xml session: 0.005341 sec. CPU
=========================== done with 0 =================================
1

**** Simulation by Plectix v3.393..2759_32 ****

*Warning* No memory limit defined
-Compilation...
-Compilation: 0.001077 sec. CPU
-Initialization...
--Seeding random number generator with given seed 1
--Computing initial state
--Abstracting influence map...
---Influence map 
----Boolean encoding of the initial system
-----Renaming
------Translation(simplx->ckappa)
----Quark computation
--Abstraction: 0.000532 sec. CPU
----compute maximal refinement relation
-----compute refinement relation closure
------Boolean encoding of the quotiented system
-------Quotienting rules
-------Translation(simplx->ckappa)
-------Number of rules   : 4
-------Number of classes: 5
----count automorphism in lhs
-----Boolean encoding of the initial system
------Renaming
----count automorphism in lhs
-----Boolean encoding of the initial system
------Renaming
-------Translation(simplx->ckappa)
--Concretization...
--Concretization: 0.000319 sec. CPU
--Influence map computed
-Initialization: 0.005242 sec. CPU
-Simulation...
____________________________________________________________
#########################
-Simulation: 0.141373 sec. CPU
-Outputting influence map
-Sampling data...
-End of sampling 0.0017 s CPU
-Outputting results in xml session...
-Results outputted in xml session: 0.004868 sec. CPU
=========================== done with 1 =================================
1

**** Simulation by Plectix v3.393..2759_32 ****

*Warning* No memory limit defined
-Compilation...
-Compilation: 0.001014 sec. CPU
-Initialization...
--Seeding random number generator with given seed 2
--Computing initial state
--Abstracting influence map...
---Influence map 
----Boolean encoding of the initial system
-----Renaming
------Translation(simplx->ckappa)
----Quark computation
--Abstraction: 0.000527 sec. CPU
----compute maximal refinement relation
-----compute refinement relation closure
------Boolean encoding of the quotiented system
-------Quotienting rules
-------Translation(simplx->ckappa)
-------Number of rules   : 4
-------Number of classes: 5
----count automorphism in lhs
-----Boolean encoding of the initial system
------Renaming
----count automorphism in lhs
-----Boolean encoding of the initial system
------Renaming
-------Translation(simplx->ckappa)
--Concretization...
--Concretization: 0.000319 sec. CPU
--Influence map computed
-Initialization: 0.005198 sec. CPU
-Simulation...
____________________________________________________________
#######################################
-Simulation: 0.125872 sec. CPU
-Outputting influence map
-Sampling data...
-End of sampling 0.0018 s CPU
-Outputting results in xml session...
-Results outputted in xml session: 0.004612 sec. CPU
=========================== done with 2 =================================
1

**** Simulation by Plectix v3.393..2759_32 ****

*Warning* No memory limit defined
-Compilation...
-Compilation: 0.001656 sec. CPU
-Initialization...
--Seeding random number generator with given seed 3
--Computing initial state
--Abstracting influence map...
---Influence map 
----Boolean encoding of the initial system
-----Renaming
------Translation(simplx->ckappa)
----Quark computation
--Abstraction: 0.000817 sec. CPU
----compute maximal refinement relation
-----compute refinement relation closure
------Boolean encoding of the quotiented system
-------Quotienting rules
-------Translation(simplx->ckappa)
-------Number of rules   : 4
-------Number of classes: 5
----count automorphism in lhs
-----Boolean encoding of the initial system
------Renaming
----count automorphism in lhs
-----Boolean encoding of the initial system
------Renaming
-------Translation(simplx->ckappa)
--Concretization...
--Concretization: 0.000395 sec. CPU
--Influence map computed
-Initialization: 0.007382 sec. CPU
-Simulation...
____________________________________________________________
#######################################
-Simulation: 0.116758 sec. CPU
-Outputting influence map
-Sampling data...
-End of sampling 0.0019 s CPU
-Outputting results in xml session...
-Results outputted in xml session: 0.004638 sec. CPU
=========================== done with 3 =================================
1

**** Simulation by Plectix v3.393..2759_32 ****

*Warning* No memory limit defined
-Compilation...
-Compilation: 0.001018 sec. CPU
-Initialization...
--Seeding random number generator with given seed 4
--Computing initial state
--Abstracting influence map...
---Influence map 
----Boolean encoding of the initial system
-----Renaming
------Translation(simplx->ckappa)
----Quark computation
--Abstraction: 0.000539 sec. CPU
----compute maximal refinement relation
-----compute refinement relation closure
------Boolean encoding of the quotiented system
-------Quotienting rules
-------Translation(simplx->ckappa)
-------Number of rules   : 4
-------Number of classes: 5
----count automorphism in lhs
-----Boolean encoding of the initial system
------Renaming
----count automorphism in lhs
-----Boolean encoding of the initial system
------Renaming
-------Translation(simplx->ckappa)
--Concretization...
--Concretization: 0.000321 sec. CPU
--Influence map computed
-Initialization: 0.005292 sec. CPU
-Simulation...
____________________________________________________________
##################################
-Simulation: 0.132790 sec. CPU
-Outputting influence map
-Sampling data...
-End of sampling 0.0020 s CPU
-Outputting results in xml session...
-Results outputted in xml session: 0.005463 sec. CPU
=========================== done with 4 =================================
1

**** Simulation by Plectix v3.393..2759_32 ****

*Warning* No memory limit defined
-Compilation...
-Compilation: 0.001074 sec. CPU
-Initialization...
--Seeding random number generator with given seed 5
--Computing initial state
--Abstracting influence map...
---Influence map 
----Boolean encoding of the initial system
-----Renaming
------Translation(simplx->ckappa)
----Quark computation
--Abstraction: 0.000535 sec. CPU
----compute maximal refinement relation
-----compute refinement relation closure
------Boolean encoding of the quotiented system
-------Quotienting rules
-------Translation(simplx->ckappa)
-------Number of rules   : 4
-------Number of classes: 5
----count automorphism in lhs
-----Boolean encoding of the initial system
------Renaming
----count automorphism in lhs
-----Boolean encoding of the initial system
------Renaming
-------Translation(simplx->ckappa)
--Concretization...
--Concretization: 0.000324 sec. CPU
--Influence map computed
-Initialization: 0.005233 sec. CPU
-Simulation...
____________________________________________________________
##########################################
-Simulation: 0.150173 sec. CPU
-Outputting influence map
-Sampling data...
-End of sampling 0.0026 s CPU
-Outputting results in xml session...
-Results outputted in xml session: 0.005950 sec. CPU
=========================== done with 5 =================================
1

**** Simulation by Plectix v3.393..2759_32 ****

*Warning* No memory limit defined
-Compilation...
-Compilation: 0.001027 sec. CPU
-Initialization...
--Seeding random number generator with given seed 6
--Computing initial state
--Abstracting influence map...
---Influence map 
----Boolean encoding of the initial system
-----Renaming
------Translation(simplx->ckappa)
----Quark computation
--Abstraction: 0.000543 sec. CPU
----compute maximal refinement relation
-----compute refinement relation closure
------Boolean encoding of the quotiented system
-------Quotienting rules
-------Translation(simplx->ckappa)
-------Number of rules   : 4
-------Number of classes: 5
----count automorphism in lhs
-----Boolean encoding of the initial system
------Renaming
----count automorphism in lhs
-----Boolean encoding of the initial system
------Renaming
-------Translation(simplx->ckappa)
--Concretization...
--Concretization: 0.000320 sec. CPU
--Influence map computed
-Initialization: 0.005239 sec. CPU
-Simulation...
____________________________________________________________
###########################################################
-Simulation: 0.127613 sec. CPU
-Outputting influence map
-Sampling data...
-End of sampling 0.0023 s CPU
-Outputting results in xml session...
-Results outputted in xml session: 0.005856 sec. CPU
=========================== done with 6 =================================
1

**** Simulation by Plectix v3.393..2759_32 ****

*Warning* No memory limit defined
-Compilation...
-Compilation: 0.001043 sec. CPU
-Initialization...
--Seeding random number generator with given seed 7
--Computing initial state
--Abstracting influence map...
---Influence map 
----Boolean encoding of the initial system
-----Renaming
------Translation(simplx->ckappa)
----Quark computation
--Abstraction: 0.000527 sec. CPU
----compute maximal refinement relation
-----compute refinement relation closure
------Boolean encoding of the quotiented system
-------Quotienting rules
-------Translation(simplx->ckappa)
-------Number of rules   : 4
-------Number of classes: 5
----count automorphism in lhs
-----Boolean encoding of the initial system
------Renaming
----count automorphism in lhs
-----Boolean encoding of the initial system
------Renaming
-------Translation(simplx->ckappa)
--Concretization...
--Concretization: 0.000320 sec. CPU
--Influence map computed
-Initialization: 0.005245 sec. CPU
-Simulation...
____________________________________________________________
#############################
-Simulation: 0.120609 sec. CPU
-Outputting influence map
-Sampling data...
-End of sampling 0.0018 s CPU
-Outputting results in xml session...
-Results outputted in xml session: 0.004412 sec. CPU
=========================== done with 7 =================================
1

**** Simulation by Plectix v3.393..2759_32 ****

*Warning* No memory limit defined
-Compilation...
-Compilation: 0.001024 sec. CPU
-Initialization...
--Seeding random number generator with given seed 8
--Computing initial state
--Abstracting influence map...
---Influence map 
----Boolean encoding of the initial system
-----Renaming
------Translation(simplx->ckappa)
----Quark computation
--Abstraction: 0.000552 sec. CPU
----compute maximal refinement relation
-----compute refinement relation closure
------Boolean encoding of the quotiented system
-------Quotienting rules
-------Translation(simplx->ckappa)
-------Number of rules   : 4
-------Number of classes: 5
----count automorphism in lhs
-----Boolean encoding of the initial system
------Renaming
----count automorphism in lhs
-----Boolean encoding of the initial system
------Renaming
-------Translation(simplx->ckappa)
--Concretization...
--Concretization: 0.000330 sec. CPU
--Influence map computed
-Initialization: 0.005255 sec. CPU
-Simulation...
____________________________________________________________
########################
-Simulation: 0.114198 sec. CPU
-Outputting influence map
-Sampling data...
-End of sampling 0.0016 s CPU
-Outputting results in xml session...
-Results outputted in xml session: 0.004425 sec. CPU
=========================== done with 8 =================================
1

**** Simulation by Plectix v3.393..2759_32 ****

*Warning* No memory limit defined
-Compilation...
-Compilation: 0.001069 sec. CPU
-Initialization...
--Seeding random number generator with given seed 9
--Computing initial state
--Abstracting influence map...
---Influence map 
----Boolean encoding of the initial system
-----Renaming
------Translation(simplx->ckappa)
----Quark computation
--Abstraction: 0.000548 sec. CPU
----compute maximal refinement relation
-----compute refinement relation closure
------Boolean encoding of the quotiented system
-------Quotienting rules
-------Translation(simplx->ckappa)
-------Number of rules   : 4
-------Number of classes: 5
----count automorphism in lhs
-----Boolean encoding of the initial system
------Renaming
----count automorphism in lhs
-----Boolean encoding of the initial system
------Renaming
-------Translation(simplx->ckappa)
--Concretization...
--Concretization: 0.000349 sec. CPU
--Influence map computed
-Initialization: 0.005341 sec. CPU
-Simulation...
____________________________________________________________
####################################
-Simulation: 0.131057 sec. CPU
-Outputting influence map
-Sampling data...
-End of sampling 0.0017 s CPU
-Outputting results in xml session...
-Results outputted in xml session: 0.004374 sec. CPU
=========================== done with 9 =================================
1

**** Simulation by Plectix v3.393..2759_32 ****

*Warning* No memory limit defined
-Compilation...
-Compilation: 0.001065 sec. CPU
-Initialization...
--Seeding random number generator with given seed 10
--Computing initial state
--Abstracting influence map...
---Influence map 
----Boolean encoding of the initial system
-----Renaming
------Translation(simplx->ckappa)
----Quark computation
--Abstraction: 0.000560 sec. CPU
----compute maximal refinement relation
-----compute refinement relation closure
------Boolean encoding of the quotiented system
-------Quotienting rules
-------Translation(simplx->ckappa)
-------Number of rules   : 4
-------Number of classes: 5
----count automorphism in lhs
-----Boolean encoding of the initial system
------Renaming
----count automorphism in lhs
-----Boolean encoding of the initial system
------Renaming
-------Translation(simplx->ckappa)
--Concretization...
--Concretization: 0.000326 sec. CPU
--Influence map computed
-Initialization: 0.005296 sec. CPU
-Simulation...
____________________________________________________________
#########################################
-Simulation: 0.111116 sec. CPU
-Outputting influence map
-Sampling data...
-End of sampling 0.0020 s CPU
-Outputting results in xml session...
-Results outputted in xml session: 0.004398 sec. CPU
=========================== done with 10 =================================
1

**** Simulation by Plectix v3.393..2759_32 ****

*Warning* No memory limit defined
-Compilation...
-Compilation: 0.001027 sec. CPU
-Initialization...
--Seeding random number generator with given seed 11
--Computing initial state
--Abstracting influence map...
---Influence map 
----Boolean encoding of the initial system
-----Renaming
------Translation(simplx->ckappa)
----Quark computation
--Abstraction: 0.000563 sec. CPU
----compute maximal refinement relation
-----compute refinement relation closure
------Boolean encoding of the quotiented system
-------Quotienting rules
-------Translation(simplx->ckappa)
-------Number of rules   : 4
-------Number of classes: 5
----count automorphism in lhs
-----Boolean encoding of the initial system
------Renaming
----count automorphism in lhs
-----Boolean encoding of the initial system
------Renaming
-------Translation(simplx->ckappa)
--Concretization...
--Concretization: 0.000323 sec. CPU
--Influence map computed
-Initialization: 0.005265 sec. CPU
-Simulation...
____________________________________________________________
###################################
-Simulation: 0.136743 sec. CPU
-Outputting influence map
-Sampling data...
-End of sampling 0.0017 s CPU
-Outputting results in xml session...
-Results outputted in xml session: 0.005101 sec. CPU
=========================== done with 11 =================================
1

**** Simulation by Plectix v3.393..2759_32 ****

*Warning* No memory limit defined
-Compilation...
-Compilation: 0.001039 sec. CPU
-Initialization...
--Seeding random number generator with given seed 12
--Computing initial state
--Abstracting influence map...
---Influence map 
----Boolean encoding of the initial system
-----Renaming
------Translation(simplx->ckappa)
----Quark computation
--Abstraction: 0.000559 sec. CPU
----compute maximal refinement relation
-----compute refinement relation closure
------Boolean encoding of the quotiented system
-------Quotienting rules
-------Translation(simplx->ckappa)
-------Number of rules   : 4
-------Number of classes: 5
----count automorphism in lhs
-----Boolean encoding of the initial system
------Renaming
----count automorphism in lhs
-----Boolean encoding of the initial system
------Renaming
-------Translation(simplx->ckappa)
--Concretization...
--Concretization: 0.000322 sec. CPU
--Influence map computed
-Initialization: 0.005287 sec. CPU
-Simulation...
____________________________________________________________
#######################
-Simulation: 0.125203 sec. CPU
-Outputting influence map
-Sampling data...
-End of sampling 0.0016 s CPU
-Outputting results in xml session...
-Results outputted in xml session: 0.004100 sec. CPU
=========================== done with 12 =================================
1

**** Simulation by Plectix v3.393..2759_32 ****

*Warning* No memory limit defined
-Compilation...
-Compilation: 0.001037 sec. CPU
-Initialization...
--Seeding random number generator with given seed 13
--Computing initial state
--Abstracting influence map...
---Influence map 
----Boolean encoding of the initial system
-----Renaming
------Translation(simplx->ckappa)
----Quark computation
--Abstraction: 0.000537 sec. CPU
----compute maximal refinement relation
-----compute refinement relation closure
------Boolean encoding of the quotiented system
-------Quotienting rules
-------Translation(simplx->ckappa)
-------Number of rules   : 4
-------Number of classes: 5
----count automorphism in lhs
-----Boolean encoding of the initial system
------Renaming
----count automorphism in lhs
-----Boolean encoding of the initial system
------Renaming
-------Translation(simplx->ckappa)
--Concretization...
--Concretization: 0.000322 sec. CPU
--Influence map computed
-Initialization: 0.005340 sec. CPU
-Simulation...
____________________________________________________________
############################
-Simulation: 0.144649 sec. CPU
-Outputting influence map
-Sampling data...
-End of sampling 0.0021 s CPU
-Outputting results in xml session...
-Results outputted in xml session: 0.005282 sec. CPU
=========================== done with 13 =================================
1

**** Simulation by Plectix v3.393..2759_32 ****

*Warning* No memory limit defined
-Compilation...
-Compilation: 0.001055 sec. CPU
-Initialization...
--Seeding random number generator with given seed 14
--Computing initial state
--Abstracting influence map...
---Influence map 
----Boolean encoding of the initial system
-----Renaming
------Translation(simplx->ckappa)
----Quark computation
--Abstraction: 0.000549 sec. CPU
----compute maximal refinement relation
-----compute refinement relation closure
------Boolean encoding of the quotiented system
-------Quotienting rules
-------Translation(simplx->ckappa)
-------Number of rules   : 4
-------Number of classes: 5
----count automorphism in lhs
-----Boolean encoding of the initial system
------Renaming
----count automorphism in lhs
-----Boolean encoding of the initial system
------Renaming
-------Translation(simplx->ckappa)
--Concretization...
--Concretization: 0.000366 sec. CPU
--Influence map computed
-Initialization: 0.005372 sec. CPU
-Simulation...
____________________________________________________________
################################################
-Simulation: 0.156281 sec. CPU
-Outputting influence map
-Sampling data...
-End of sampling 0.0026 s CPU
-Outputting results in xml session...
-Results outputted in xml session: 0.006252 sec. CPU
=========================== done with 14 =================================
1

**** Simulation by Plectix v3.393..2759_32 ****

*Warning* No memory limit defined
-Compilation...
-Compilation: 0.001027 sec. CPU
-Initialization...
--Seeding random number generator with given seed 15
--Computing initial state
--Abstracting influence map...
---Influence map 
----Boolean encoding of the initial system
-----Renaming
------Translation(simplx->ckappa)
----Quark computation
--Abstraction: 0.000544 sec. CPU
----compute maximal refinement relation
-----compute refinement relation closure
------Boolean encoding of the quotiented system
-------Quotienting rules
-------Translation(simplx->ckappa)
-------Number of rules   : 4
-------Number of classes: 5
----count automorphism in lhs
-----Boolean encoding of the initial system
------Renaming
----count automorphism in lhs
-----Boolean encoding of the initial system
------Renaming
-------Translation(simplx->ckappa)
--Concretization...
--Concretization: 0.000320 sec. CPU
--Influence map computed
-Initialization: 0.005278 sec. CPU
-Simulation...
____________________________________________________________
################################
-Simulation: 0.122138 sec. CPU
-Outputting influence map
-Sampling data...
-End of sampling 0.0019 s CPU
-Outputting results in xml session...
-Results outputted in xml session: 0.004710 sec. CPU
=========================== done with 15 =================================
1

**** Simulation by Plectix v3.393..2759_32 ****

*Warning* No memory limit defined
-Compilation...
-Compilation: 0.001024 sec. CPU
-Initialization...
--Seeding random number generator with given seed 16
--Computing initial state
--Abstracting influence map...
---Influence map 
----Boolean encoding of the initial system
-----Renaming
------Translation(simplx->ckappa)
----Quark computation
--Abstraction: 0.000533 sec. CPU
----compute maximal refinement relation
-----compute refinement relation closure
------Boolean encoding of the quotiented system
-------Quotienting rules
-------Translation(simplx->ckappa)
-------Number of rules   : 4
-------Number of classes: 5
----count automorphism in lhs
-----Boolean encoding of the initial system
------Renaming
----count automorphism in lhs
-----Boolean encoding of the initial system
------Renaming
-------Translation(simplx->ckappa)
--Concretization...
--Concretization: 0.000321 sec. CPU
--Influence map computed
-Initialization: 0.005308 sec. CPU
-Simulation...
____________________________________________________________
##############################################
-Simulation: 0.127197 sec. CPU
-Outputting influence map
-Sampling data...
-End of sampling 0.0016 s CPU
-Outputting results in xml session...
-Results outputted in xml session: 0.004282 sec. CPU
=========================== done with 16 =================================
1

**** Simulation by Plectix v3.393..2759_32 ****

*Warning* No memory limit defined
-Compilation...
-Compilation: 0.001033 sec. CPU
-Initialization...
--Seeding random number generator with given seed 17
--Computing initial state
--Abstracting influence map...
---Influence map 
----Boolean encoding of the initial system
-----Renaming
------Translation(simplx->ckappa)
----Quark computation
--Abstraction: 0.000552 sec. CPU
----compute maximal refinement relation
-----compute refinement relation closure
------Boolean encoding of the quotiented system
-------Quotienting rules
-------Translation(simplx->ckappa)
-------Number of rules   : 4
-------Number of classes: 5
----count automorphism in lhs
-----Boolean encoding of the initial system
------Renaming
----count automorphism in lhs
-----Boolean encoding of the initial system
------Renaming
-------Translation(simplx->ckappa)
--Concretization...
--Concretization: 0.000332 sec. CPU
--Influence map computed
-Initialization: 0.005314 sec. CPU
-Simulation...
____________________________________________________________
###################################
-Simulation: 0.126814 sec. CPU
-Outputting influence map
-Sampling data...
-End of sampling 0.0016 s CPU
-Outputting results in xml session...
-Results outputted in xml session: 0.004298 sec. CPU
=========================== done with 17 =================================
1

**** Simulation by Plectix v3.393..2759_32 ****

*Warning* No memory limit defined
-Compilation...
-Compilation: 0.001037 sec. CPU
-Initialization...
--Seeding random number generator with given seed 18
--Computing initial state
--Abstracting influence map...
---Influence map 
----Boolean encoding of the initial system
-----Renaming
------Translation(simplx->ckappa)
----Quark computation
--Abstraction: 0.000536 sec. CPU
----compute maximal refinement relation
-----compute refinement relation closure
------Boolean encoding of the quotiented system
-------Quotienting rules
-------Translation(simplx->ckappa)
-------Number of rules   : 4
-------Number of classes: 5
----count automorphism in lhs
-----Boolean encoding of the initial system
------Renaming
----count automorphism in lhs
-----Boolean encoding of the initial system
------Renaming
-------Translation(simplx->ckappa)
--Concretization...
--Concretization: 0.000314 sec. CPU
--Influence map computed
-Initialization: 0.005207 sec. CPU
-Simulation...
____________________________________________________________
#############################
-Simulation: 0.128815 sec. CPU
-Outputting influence map
-Sampling data...
-End of sampling 0.0016 s CPU
-Outputting results in xml session...
-Results outputted in xml session: 0.004463 sec. CPU
=========================== done with 18 =================================
1

**** Simulation by Plectix v3.393..2759_32 ****

*Warning* No memory limit defined
-Compilation...
-Compilation: 0.001044 sec. CPU
-Initialization...
--Seeding random number generator with given seed 19
--Computing initial state
--Abstracting influence map...
---Influence map 
----Boolean encoding of the initial system
-----Renaming
------Translation(simplx->ckappa)
----Quark computation
--Abstraction: 0.000528 sec. CPU
----compute maximal refinement relation
-----compute refinement relation closure
------Boolean encoding of the quotiented system
-------Quotienting rules
-------Translation(simplx->ckappa)
-------Number of rules   : 4
-------Number of classes: 5
----count automorphism in lhs
-----Boolean encoding of the initial system
------Renaming
----count automorphism in lhs
-----Boolean encoding of the initial system
------Renaming
-------Translation(simplx->ckappa)
--Concretization...
--Concretization: 0.000333 sec. CPU
--Influence map computed
-Initialization: 0.005208 sec. CPU
-Simulation...
____________________________________________________________
######################################################
-Simulation: 0.131314 sec. CPU
-Outputting influence map
-Sampling data...
-End of sampling 0.0017 s CPU
-Outputting results in xml session...
-Results outputted in xml session: 0.004926 sec. CPU
=========================== done with 19 =================================
1

**** Simulation by Plectix v3.393..2759_32 ****

*Warning* No memory limit defined
-Compilation...
-Compilation: 0.001032 sec. CPU
-Initialization...
--Seeding random number generator with given seed 20
--Computing initial state
--Abstracting influence map...
---Influence map 
----Boolean encoding of the initial system
-----Renaming
------Translation(simplx->ckappa)
----Quark computation
--Abstraction: 0.000533 sec. CPU
----compute maximal refinement relation
-----compute refinement relation closure
------Boolean encoding of the quotiented system
-------Quotienting rules
-------Translation(simplx->ckappa)
-------Number of rules   : 4
-------Number of classes: 5
----count automorphism in lhs
-----Boolean encoding of the initial system
------Renaming
----count automorphism in lhs
-----Boolean encoding of the initial system
------Renaming
-------Translation(simplx->ckappa)
--Concretization...
--Concretization: 0.000328 sec. CPU
--Influence map computed
-Initialization: 0.005284 sec. CPU
-Simulation...
____________________________________________________________
#############################################
-Simulation: 0.124010 sec. CPU
-Outputting influence map
-Sampling data...
-End of sampling 0.0021 s CPU
-Outputting results in xml session...
-Results outputted in xml session: 0.004785 sec. CPU
=========================== done with 20 =================================
1

**** Simulation by Plectix v3.393..2759_32 ****

*Warning* No memory limit defined
-Compilation...
-Compilation: 0.001033 sec. CPU
-Initialization...
--Seeding random number generator with given seed 21
--Computing initial state
--Abstracting influence map...
---Influence map 
----Boolean encoding of the initial system
-----Renaming
------Translation(simplx->ckappa)
----Quark computation
--Abstraction: 0.000532 sec. CPU
----compute maximal refinement relation
-----compute refinement relation closure
------Boolean encoding of the quotiented system
-------Quotienting rules
-------Translation(simplx->ckappa)
-------Number of rules   : 4
-------Number of classes: 5
----count automorphism in lhs
-----Boolean encoding of the initial system
------Renaming
----count automorphism in lhs
-----Boolean encoding of the initial system
------Renaming
-------Translation(simplx->ckappa)
--Concretization...
--Concretization: 0.000327 sec. CPU
--Influence map computed
-Initialization: 0.005224 sec. CPU
-Simulation...
____________________________________________________________
#####################
-Simulation: 0.127746 sec. CPU
-Outputting influence map
-Sampling data...
-End of sampling 0.0017 s CPU
-Outputting results in xml session...
-Results outputted in xml session: 0.003992 sec. CPU
=========================== done with 21 =================================
1

**** Simulation by Plectix v3.393..2759_32 ****

*Warning* No memory limit defined
-Compilation...
-Compilation: 0.001054 sec. CPU
-Initialization...
--Seeding random number generator with given seed 22
--Computing initial state
--Abstracting influence map...
---Influence map 
----Boolean encoding of the initial system
-----Renaming
------Translation(simplx->ckappa)
----Quark computation
--Abstraction: 0.000541 sec. CPU
----compute maximal refinement relation
-----compute refinement relation closure
------Boolean encoding of the quotiented system
-------Quotienting rules
-------Translation(simplx->ckappa)
-------Number of rules   : 4
-------Number of classes: 5
----count automorphism in lhs
-----Boolean encoding of the initial system
------Renaming
----count automorphism in lhs
-----Boolean encoding of the initial system
------Renaming
-------Translation(simplx->ckappa)
--Concretization...
--Concretization: 0.000334 sec. CPU
--Influence map computed
-Initialization: 0.005301 sec. CPU
-Simulation...
____________________________________________________________
###############################
-Simulation: 0.155011 sec. CPU
-Outputting influence map
-Sampling data...
-End of sampling 0.0022 s CPU
-Outputting results in xml session...
-Results outputted in xml session: 0.005527 sec. CPU
=========================== done with 22 =================================
1

**** Simulation by Plectix v3.393..2759_32 ****

*Warning* No memory limit defined
-Compilation...
-Compilation: 0.001026 sec. CPU
-Initialization...
--Seeding random number generator with given seed 23
--Computing initial state
--Abstracting influence map...
---Influence map 
----Boolean encoding of the initial system
-----Renaming
------Translation(simplx->ckappa)
----Quark computation
--Abstraction: 0.000528 sec. CPU
----compute maximal refinement relation
-----compute refinement relation closure
------Boolean encoding of the quotiented system
-------Quotienting rules
-------Translation(simplx->ckappa)
-------Number of rules   : 4
-------Number of classes: 5
----count automorphism in lhs
-----Boolean encoding of the initial system
------Renaming
----count automorphism in lhs
-----Boolean encoding of the initial system
------Renaming
-------Translation(simplx->ckappa)
--Concretization...
--Concretization: 0.000354 sec. CPU
--Influence map computed
-Initialization: 0.005278 sec. CPU
-Simulation...
____________________________________________________________
################################
-Simulation: 0.112352 sec. CPU
-Outputting influence map
-Sampling data...
-End of sampling 0.0016 s CPU
-Outputting results in xml session...
-Results outputted in xml session: 0.004533 sec. CPU
=========================== done with 23 =================================
1

**** Simulation by Plectix v3.393..2759_32 ****

*Warning* No memory limit defined
-Compilation...
-Compilation: 0.001047 sec. CPU
-Initialization...
--Seeding random number generator with given seed 24
--Computing initial state
--Abstracting influence map...
---Influence map 
----Boolean encoding of the initial system
-----Renaming
------Translation(simplx->ckappa)
----Quark computation
--Abstraction: 0.000544 sec. CPU
----compute maximal refinement relation
-----compute refinement relation closure
------Boolean encoding of the quotiented system
-------Quotienting rules
-------Translation(simplx->ckappa)
-------Number of rules   : 4
-------Number of classes: 5
----count automorphism in lhs
-----Boolean encoding of the initial system
------Renaming
----count automorphism in lhs
-----Boolean encoding of the initial system
------Renaming
-------Translation(simplx->ckappa)
--Concretization...
--Concretization: 0.000371 sec. CPU
--Influence map computed
-Initialization: 0.005400 sec. CPU
-Simulation...
____________________________________________________________
##################################
-Simulation: 0.136125 sec. CPU
-Outputting influence map
-Sampling data...
-End of sampling 0.0017 s CPU
-Outputting results in xml session...
-Results outputted in xml session: 0.005295 sec. CPU
=========================== done with 24 =================================
1

**** Simulation by Plectix v3.393..2759_32 ****

*Warning* No memory limit defined
-Compilation...
-Compilation: 0.001017 sec. CPU
-Initialization...
--Seeding random number generator with given seed 25
--Computing initial state
--Abstracting influence map...
---Influence map 
----Boolean encoding of the initial system
-----Renaming
------Translation(simplx->ckappa)
----Quark computation
--Abstraction: 0.000527 sec. CPU
----compute maximal refinement relation
-----compute refinement relation closure
------Boolean encoding of the quotiented system
-------Quotienting rules
-------Translation(simplx->ckappa)
-------Number of rules   : 4
-------Number of classes: 5
----count automorphism in lhs
-----Boolean encoding of the initial system
------Renaming
----count automorphism in lhs
-----Boolean encoding of the initial system
------Renaming
-------Translation(simplx->ckappa)
--Concretization...
--Concretization: 0.000316 sec. CPU
--Influence map computed
-Initialization: 0.005215 sec. CPU
-Simulation...
____________________________________________________________
####################
-Simulation: 0.119017 sec. CPU
-Outputting influence map
-Sampling data...
-End of sampling 0.0015 s CPU
-Outputting results in xml session...
-Results outputted in xml session: 0.003930 sec. CPU
=========================== done with 25 =================================
1

**** Simulation by Plectix v3.393..2759_32 ****

*Warning* No memory limit defined
-Compilation...
-Compilation: 0.001034 sec. CPU
-Initialization...
--Seeding random number generator with given seed 26
--Computing initial state
--Abstracting influence map...
---Influence map 
----Boolean encoding of the initial system
-----Renaming
------Translation(simplx->ckappa)
----Quark computation
--Abstraction: 0.000542 sec. CPU
----compute maximal refinement relation
-----compute refinement relation closure
------Boolean encoding of the quotiented system
-------Quotienting rules
-------Translation(simplx->ckappa)
-------Number of rules   : 4
-------Number of classes: 5
----count automorphism in lhs
-----Boolean encoding of the initial system
------Renaming
----count automorphism in lhs
-----Boolean encoding of the initial system
------Renaming
-------Translation(simplx->ckappa)
--Concretization...
--Concretization: 0.000318 sec. CPU
--Influence map computed
-Initialization: 0.005294 sec. CPU
-Simulation...
____________________________________________________________
###########################
-Simulation: 0.136887 sec. CPU
-Outputting influence map
-Sampling data...
-End of sampling 0.0017 s CPU
-Outputting results in xml session...
-Results outputted in xml session: 0.004860 sec. CPU
=========================== done with 26 =================================
1

**** Simulation by Plectix v3.393..2759_32 ****

*Warning* No memory limit defined
-Compilation...
-Compilation: 0.001046 sec. CPU
-Initialization...
--Seeding random number generator with given seed 27
--Computing initial state
--Abstracting influence map...
---Influence map 
----Boolean encoding of the initial system
-----Renaming
------Translation(simplx->ckappa)
----Quark computation
--Abstraction: 0.000528 sec. CPU
----compute maximal refinement relation
-----compute refinement relation closure
------Boolean encoding of the quotiented system
-------Quotienting rules
-------Translation(simplx->ckappa)
-------Number of rules   : 4
-------Number of classes: 5
----count automorphism in lhs
-----Boolean encoding of the initial system
------Renaming
----count automorphism in lhs
-----Boolean encoding of the initial system
------Renaming
-------Translation(simplx->ckappa)
--Concretization...
--Concretization: 0.000340 sec. CPU
--Influence map computed
-Initialization: 0.005254 sec. CPU
-Simulation...
____________________________________________________________
############################
-Simulation: 0.132930 sec. CPU
-Outputting influence map
-Sampling data...
-End of sampling 0.0017 s CPU
-Outputting results in xml session...
-Results outputted in xml session: 0.004899 sec. CPU
=========================== done with 27 =================================
1

**** Simulation by Plectix v3.393..2759_32 ****

*Warning* No memory limit defined
-Compilation...
-Compilation: 0.001062 sec. CPU
-Initialization...
--Seeding random number generator with given seed 28
--Computing initial state
--Abstracting influence map...
---Influence map 
----Boolean encoding of the initial system
-----Renaming
------Translation(simplx->ckappa)
----Quark computation
--Abstraction: 0.000574 sec. CPU
----compute maximal refinement relation
-----compute refinement relation closure
------Boolean encoding of the quotiented system
-------Quotienting rules
-------Translation(simplx->ckappa)
-------Number of rules   : 4
-------Number of classes: 5
----count automorphism in lhs
-----Boolean encoding of the initial system
------Renaming
----count automorphism in lhs
-----Boolean encoding of the initial system
------Renaming
-------Translation(simplx->ckappa)
--Concretization...
--Concretization: 0.000317 sec. CPU
--Influence map computed
-Initialization: 0.005315 sec. CPU
-Simulation...
____________________________________________________________
###########################
-Simulation: 0.131002 sec. CPU
-Outputting influence map
-Sampling data...
-End of sampling 0.0017 s CPU
-Outputting results in xml session...
-Results outputted in xml session: 0.004778 sec. CPU
=========================== done with 28 =================================
1

**** Simulation by Plectix v3.393..2759_32 ****

*Warning* No memory limit defined
-Compilation...
-Compilation: 0.001038 sec. CPU
-Initialization...
--Seeding random number generator with given seed 29
--Computing initial state
--Abstracting influence map...
---Influence map 
----Boolean encoding of the initial system
-----Renaming
------Translation(simplx->ckappa)
----Quark computation
--Abstraction: 0.000544 sec. CPU
----compute maximal refinement relation
-----compute refinement relation closure
------Boolean encoding of the quotiented system
-------Quotienting rules
-------Translation(simplx->ckappa)
-------Number of rules   : 4
-------Number of classes: 5
----count automorphism in lhs
-----Boolean encoding of the initial system
------Renaming
----count automorphism in lhs
-----Boolean encoding of the initial system
------Renaming
-------Translation(simplx->ckappa)
--Concretization...
--Concretization: 0.000319 sec. CPU
--Influence map computed
-Initialization: 0.005324 sec. CPU
-Simulation...
____________________________________________________________
################################
-Simulation: 0.138711 sec. CPU
-Outputting influence map
-Sampling data...
-End of sampling 0.0020 s CPU
-Outputting results in xml session...
-Results outputted in xml session: 0.005019 sec. CPU
=========================== done with 29 =================================
1

**** Simulation by Plectix v3.393..2759_32 ****

*Warning* No memory limit defined
-Compilation...
-Compilation: 0.001038 sec. CPU
-Initialization...
--Seeding random number generator with given seed 30
--Computing initial state
--Abstracting influence map...
---Influence map 
----Boolean encoding of the initial system
-----Renaming
------Translation(simplx->ckappa)
----Quark computation
--Abstraction: 0.000543 sec. CPU
----compute maximal refinement relation
-----compute refinement relation closure
------Boolean encoding of the quotiented system
-------Quotienting rules
-------Translation(simplx->ckappa)
-------Number of rules   : 4
-------Number of classes: 5
----count automorphism in lhs
-----Boolean encoding of the initial system
------Renaming
----count automorphism in lhs
-----Boolean encoding of the initial system
------Renaming
-------Translation(simplx->ckappa)
--Concretization...
--Concretization: 0.000326 sec. CPU
--Influence map computed
-Initialization: 0.005234 sec. CPU
-Simulation...
____________________________________________________________
#####################
-Simulation: 0.136472 sec. CPU
-Outputting influence map
-Sampling data...
-End of sampling 0.0015 s CPU
-Outputting results in xml session...
-Results outputted in xml session: 0.004528 sec. CPU
=========================== done with 30 =================================
1

**** Simulation by Plectix v3.393..2759_32 ****

*Warning* No memory limit defined
-Compilation...
-Compilation: 0.001012 sec. CPU
-Initialization...
--Seeding random number generator with given seed 31
--Computing initial state
--Abstracting influence map...
---Influence map 
----Boolean encoding of the initial system
-----Renaming
------Translation(simplx->ckappa)
----Quark computation
--Abstraction: 0.000554 sec. CPU
----compute maximal refinement relation
-----compute refinement relation closure
------Boolean encoding of the quotiented system
-------Quotienting rules
-------Translation(simplx->ckappa)
-------Number of rules   : 4
-------Number of classes: 5
----count automorphism in lhs
-----Boolean encoding of the initial system
------Renaming
----count automorphism in lhs
-----Boolean encoding of the initial system
------Renaming
-------Translation(simplx->ckappa)
--Concretization...
--Concretization: 0.000343 sec. CPU
--Influence map computed
-Initialization: 0.005359 sec. CPU
-Simulation...
____________________________________________________________
#######################################################
-Simulation: 0.143038 sec. CPU
-Outputting influence map
-Sampling data...
-End of sampling 0.0024 s CPU
-Outputting results in xml session...
-Results outputted in xml session: 0.005477 sec. CPU
=========================== done with 31 =================================
1

**** Simulation by Plectix v3.393..2759_32 ****

*Warning* No memory limit defined
-Compilation...
-Compilation: 0.001103 sec. CPU
-Initialization...
--Seeding random number generator with given seed 32
--Computing initial state
--Abstracting influence map...
---Influence map 
----Boolean encoding of the initial system
-----Renaming
------Translation(simplx->ckappa)
----Quark computation
--Abstraction: 0.000547 sec. CPU
----compute maximal refinement relation
-----compute refinement relation closure
------Boolean encoding of the quotiented system
-------Quotienting rules
-------Translation(simplx->ckappa)
-------Number of rules   : 4
-------Number of classes: 5
----count automorphism in lhs
-----Boolean encoding of the initial system
------Renaming
----count automorphism in lhs
-----Boolean encoding of the initial system
------Renaming
-------Translation(simplx->ckappa)
--Concretization...
--Concretization: 0.000326 sec. CPU
--Influence map computed
-Initialization: 0.005325 sec. CPU
-Simulation...
____________________________________________________________
##################################
-Simulation: 0.136256 sec. CPU
-Outputting influence map
-Sampling data...
-End of sampling 0.0017 s CPU
-Outputting results in xml session...
-Results outputted in xml session: 0.004988 sec. CPU
=========================== done with 32 =================================
1

**** Simulation by Plectix v3.393..2759_32 ****

*Warning* No memory limit defined
-Compilation...
-Compilation: 0.001014 sec. CPU
-Initialization...
--Seeding random number generator with given seed 33
--Computing initial state
--Abstracting influence map...
---Influence map 
----Boolean encoding of the initial system
-----Renaming
------Translation(simplx->ckappa)
----Quark computation
--Abstraction: 0.000531 sec. CPU
----compute maximal refinement relation
-----compute refinement relation closure
------Boolean encoding of the quotiented system
-------Quotienting rules
-------Translation(simplx->ckappa)
-------Number of rules   : 4
-------Number of classes: 5
----count automorphism in lhs
-----Boolean encoding of the initial system
------Renaming
----count automorphism in lhs
-----Boolean encoding of the initial system
------Renaming
-------Translation(simplx->ckappa)
--Concretization...
--Concretization: 0.000335 sec. CPU
--Influence map computed
-Initialization: 0.005326 sec. CPU
-Simulation...
____________________________________________________________
################################
-Simulation: 0.128202 sec. CPU
-Outputting influence map
-Sampling data...
-End of sampling 0.0020 s CPU
-Outputting results in xml session...
-Results outputted in xml session: 0.004742 sec. CPU
=========================== done with 33 =================================
1

**** Simulation by Plectix v3.393..2759_32 ****

*Warning* No memory limit defined
-Compilation...
-Compilation: 0.001025 sec. CPU
-Initialization...
--Seeding random number generator with given seed 34
--Computing initial state
--Abstracting influence map...
---Influence map 
----Boolean encoding of the initial system
-----Renaming
------Translation(simplx->ckappa)
----Quark computation
--Abstraction: 0.000533 sec. CPU
----compute maximal refinement relation
-----compute refinement relation closure
------Boolean encoding of the quotiented system
-------Quotienting rules
-------Translation(simplx->ckappa)
-------Number of rules   : 4
-------Number of classes: 5
----count automorphism in lhs
-----Boolean encoding of the initial system
------Renaming
----count automorphism in lhs
-----Boolean encoding of the initial system
------Renaming
-------Translation(simplx->ckappa)
--Concretization...
--Concretization: 0.000323 sec. CPU
--Influence map computed
-Initialization: 0.005255 sec. CPU
-Simulation...
____________________________________________________________
######################################
-Simulation: 0.128543 sec. CPU
-Outputting influence map
-Sampling data...
-End of sampling 0.0020 s CPU
-Outputting results in xml session...
-Results outputted in xml session: 0.005133 sec. CPU
=========================== done with 34 =================================
1

**** Simulation by Plectix v3.393..2759_32 ****

*Warning* No memory limit defined
-Compilation...
-Compilation: 0.001045 sec. CPU
-Initialization...
--Seeding random number generator with given seed 35
--Computing initial state
--Abstracting influence map...
---Influence map 
----Boolean encoding of the initial system
-----Renaming
------Translation(simplx->ckappa)
----Quark computation
--Abstraction: 0.000539 sec. CPU
----compute maximal refinement relation
-----compute refinement relation closure
------Boolean encoding of the quotiented system
-------Quotienting rules
-------Translation(simplx->ckappa)
-------Number of rules   : 4
-------Number of classes: 5
----count automorphism in lhs
-----Boolean encoding of the initial system
------Renaming
----count automorphism in lhs
-----Boolean encoding of the initial system
------Renaming
-------Translation(simplx->ckappa)
--Concretization...
--Concretization: 0.000346 sec. CPU
--Influence map computed
-Initialization: 0.005325 sec. CPU
-Simulation...
____________________________________________________________
##############################################
-Simulation: 0.134000 sec. CPU
-Outputting influence map
-Sampling data...
-End of sampling 0.0018 s CPU
-Outputting results in xml session...
-Results outputted in xml session: 0.004935 sec. CPU
=========================== done with 35 =================================
1

**** Simulation by Plectix v3.393..2759_32 ****

*Warning* No memory limit defined
-Compilation...
-Compilation: 0.001030 sec. CPU
-Initialization...
--Seeding random number generator with given seed 36
--Computing initial state
--Abstracting influence map...
---Influence map 
----Boolean encoding of the initial system
-----Renaming
------Translation(simplx->ckappa)
----Quark computation
--Abstraction: 0.000537 sec. CPU
----compute maximal refinement relation
-----compute refinement relation closure
------Boolean encoding of the quotiented system
-------Quotienting rules
-------Translation(simplx->ckappa)
-------Number of rules   : 4
-------Number of classes: 5
----count automorphism in lhs
-----Boolean encoding of the initial system
------Renaming
----count automorphism in lhs
-----Boolean encoding of the initial system
------Renaming
-------Translation(simplx->ckappa)
--Concretization...
--Concretization: 0.000324 sec. CPU
--Influence map computed
-Initialization: 0.005343 sec. CPU
-Simulation...
____________________________________________________________
###############################################
-Simulation: 0.146465 sec. CPU
-Outputting influence map
-Sampling data...
-End of sampling 0.0020 s CPU
-Outputting results in xml session...
-Results outputted in xml session: 0.005429 sec. CPU
=========================== done with 36 =================================
1

**** Simulation by Plectix v3.393..2759_32 ****

*Warning* No memory limit defined
-Compilation...
-Compilation: 0.001034 sec. CPU
-Initialization...
--Seeding random number generator with given seed 37
--Computing initial state
--Abstracting influence map...
---Influence map 
----Boolean encoding of the initial system
-----Renaming
------Translation(simplx->ckappa)
----Quark computation
--Abstraction: 0.000525 sec. CPU
----compute maximal refinement relation
-----compute refinement relation closure
------Boolean encoding of the quotiented system
-------Quotienting rules
-------Translation(simplx->ckappa)
-------Number of rules   : 4
-------Number of classes: 5
----count automorphism in lhs
-----Boolean encoding of the initial system
------Renaming
----count automorphism in lhs
-----Boolean encoding of the initial system
------Renaming
-------Translation(simplx->ckappa)
--Concretization...
--Concretization: 0.000313 sec. CPU
--Influence map computed
-Initialization: 0.005213 sec. CPU
-Simulation...
____________________________________________________________
################################
-Simulation: 0.119223 sec. CPU
-Outputting influence map
-Sampling data...
-End of sampling 0.0018 s CPU
-Outputting results in xml session...
-Results outputted in xml session: 0.004585 sec. CPU
=========================== done with 37 =================================
1

**** Simulation by Plectix v3.393..2759_32 ****

*Warning* No memory limit defined
-Compilation...
-Compilation: 0.001054 sec. CPU
-Initialization...
--Seeding random number generator with given seed 38
--Computing initial state
--Abstracting influence map...
---Influence map 
----Boolean encoding of the initial system
-----Renaming
------Translation(simplx->ckappa)
----Quark computation
--Abstraction: 0.000575 sec. CPU
----compute maximal refinement relation
-----compute refinement relation closure
------Boolean encoding of the quotiented system
-------Quotienting rules
-------Translation(simplx->ckappa)
-------Number of rules   : 4
-------Number of classes: 5
----count automorphism in lhs
-----Boolean encoding of the initial system
------Renaming
----count automorphism in lhs
-----Boolean encoding of the initial system
------Renaming
-------Translation(simplx->ckappa)
--Concretization...
--Concretization: 0.000321 sec. CPU
--Influence map computed
-Initialization: 0.005328 sec. CPU
-Simulation...
____________________________________________________________
##########################
-Simulation: 0.143423 sec. CPU
-Outputting influence map
-Sampling data...
-End of sampling 0.0020 s CPU
-Outputting results in xml session...
-Results outputted in xml session: 0.005154 sec. CPU
=========================== done with 38 =================================
1

**** Simulation by Plectix v3.393..2759_32 ****

*Warning* No memory limit defined
-Compilation...
-Compilation: 0.001035 sec. CPU
-Initialization...
--Seeding random number generator with given seed 39
--Computing initial state
--Abstracting influence map...
---Influence map 
----Boolean encoding of the initial system
-----Renaming
------Translation(simplx->ckappa)
----Quark computation
--Abstraction: 0.000530 sec. CPU
----compute maximal refinement relation
-----compute refinement relation closure
------Boolean encoding of the quotiented system
-------Quotienting rules
-------Translation(simplx->ckappa)
-------Number of rules   : 4
-------Number of classes: 5
----count automorphism in lhs
-----Boolean encoding of the initial system
------Renaming
----count automorphism in lhs
-----Boolean encoding of the initial system
------Renaming
-------Translation(simplx->ckappa)
--Concretization...
--Concretization: 0.000362 sec. CPU
--Influence map computed
-Initialization: 0.005343 sec. CPU
-Simulation...
____________________________________________________________
##########################
-Simulation: 0.136641 sec. CPU
-Outputting influence map
-Sampling data...
-End of sampling 0.0017 s CPU
-Outputting results in xml session...
-Results outputted in xml session: 0.005195 sec. CPU
=========================== done with 39 =================================
1

**** Simulation by Plectix v3.393..2759_32 ****

*Warning* No memory limit defined
-Compilation...
-Compilation: 0.001070 sec. CPU
-Initialization...
--Seeding random number generator with given seed 40
--Computing initial state
--Abstracting influence map...
---Influence map 
----Boolean encoding of the initial system
-----Renaming
------Translation(simplx->ckappa)
----Quark computation
--Abstraction: 0.000545 sec. CPU
----compute maximal refinement relation
-----compute refinement relation closure
------Boolean encoding of the quotiented system
-------Quotienting rules
-------Translation(simplx->ckappa)
-------Number of rules   : 4
-------Number of classes: 5
----count automorphism in lhs
-----Boolean encoding of the initial system
------Renaming
----count automorphism in lhs
-----Boolean encoding of the initial system
------Renaming
-------Translation(simplx->ckappa)
--Concretization...
--Concretization: 0.000329 sec. CPU
--Influence map computed
-Initialization: 0.005237 sec. CPU
-Simulation...
____________________________________________________________
##################################
-Simulation: 0.130734 sec. CPU
-Outputting influence map
-Sampling data...
-End of sampling 0.0019 s CPU
-Outputting results in xml session...
-Results outputted in xml session: 0.004811 sec. CPU
=========================== done with 40 =================================
1

**** Simulation by Plectix v3.393..2759_32 ****

*Warning* No memory limit defined
-Compilation...
-Compilation: 0.001038 sec. CPU
-Initialization...
--Seeding random number generator with given seed 41
--Computing initial state
--Abstracting influence map...
---Influence map 
----Boolean encoding of the initial system
-----Renaming
------Translation(simplx->ckappa)
----Quark computation
--Abstraction: 0.000537 sec. CPU
----compute maximal refinement relation
-----compute refinement relation closure
------Boolean encoding of the quotiented system
-------Quotienting rules
-------Translation(simplx->ckappa)
-------Number of rules   : 4
-------Number of classes: 5
----count automorphism in lhs
-----Boolean encoding of the initial system
------Renaming
----count automorphism in lhs
-----Boolean encoding of the initial system
------Renaming
-------Translation(simplx->ckappa)
--Concretization...
--Concretization: 0.000319 sec. CPU
--Influence map computed
-Initialization: 0.005312 sec. CPU
-Simulation...
____________________________________________________________
############################################################
-Simulation: 0.129464 sec. CPU
-Outputting influence map
-Sampling data...
-End of sampling 0.0021 s CPU
-Outputting results in xml session...
-Results outputted in xml session: 0.005292 sec. CPU
=========================== done with 41 =================================
1

**** Simulation by Plectix v3.393..2759_32 ****

*Warning* No memory limit defined
-Compilation...
-Compilation: 0.001026 sec. CPU
-Initialization...
--Seeding random number generator with given seed 42
--Computing initial state
--Abstracting influence map...
---Influence map 
----Boolean encoding of the initial system
-----Renaming
------Translation(simplx->ckappa)
----Quark computation
--Abstraction: 0.000534 sec. CPU
----compute maximal refinement relation
-----compute refinement relation closure
------Boolean encoding of the quotiented system
-------Quotienting rules
-------Translation(simplx->ckappa)
-------Number of rules   : 4
-------Number of classes: 5
----count automorphism in lhs
-----Boolean encoding of the initial system
------Renaming
----count automorphism in lhs
-----Boolean encoding of the initial system
------Renaming
-------Translation(simplx->ckappa)
--Concretization...
--Concretization: 0.000326 sec. CPU
--Influence map computed
-Initialization: 0.005369 sec. CPU
-Simulation...
____________________________________________________________
######################################################
-Simulation: 0.174698 sec. CPU
-Outputting influence map
-Sampling data...
-End of sampling 0.0027 s CPU
-Outputting results in xml session...
-Results outputted in xml session: 0.006349 sec. CPU
=========================== done with 42 =================================
1

**** Simulation by Plectix v3.393..2759_32 ****

*Warning* No memory limit defined
-Compilation...
-Compilation: 0.001059 sec. CPU
-Initialization...
--Seeding random number generator with given seed 43
--Computing initial state
--Abstracting influence map...
---Influence map 
----Boolean encoding of the initial system
-----Renaming
------Translation(simplx->ckappa)
----Quark computation
--Abstraction: 0.000539 sec. CPU
----compute maximal refinement relation
-----compute refinement relation closure
------Boolean encoding of the quotiented system
-------Quotienting rules
-------Translation(simplx->ckappa)
-------Number of rules   : 4
-------Number of classes: 5
----count automorphism in lhs
-----Boolean encoding of the initial system
------Renaming
----count automorphism in lhs
-----Boolean encoding of the initial system
------Renaming
-------Translation(simplx->ckappa)
--Concretization...
--Concretization: 0.000321 sec. CPU
--Influence map computed
-Initialization: 0.005256 sec. CPU
-Simulation...
____________________________________________________________
########################
-Simulation: 0.133662 sec. CPU
-Outputting influence map
-Sampling data...
-End of sampling 0.0016 s CPU
-Outputting results in xml session...
-Results outputted in xml session: 0.004935 sec. CPU
=========================== done with 43 =================================
1

**** Simulation by Plectix v3.393..2759_32 ****

*Warning* No memory limit defined
-Compilation...
-Compilation: 0.001057 sec. CPU
-Initialization...
--Seeding random number generator with given seed 44
--Computing initial state
--Abstracting influence map...
---Influence map 
----Boolean encoding of the initial system
-----Renaming
------Translation(simplx->ckappa)
----Quark computation
--Abstraction: 0.000536 sec. CPU
----compute maximal refinement relation
-----compute refinement relation closure
------Boolean encoding of the quotiented system
-------Quotienting rules
-------Translation(simplx->ckappa)
-------Number of rules   : 4
-------Number of classes: 5
----count automorphism in lhs
-----Boolean encoding of the initial system
------Renaming
----count automorphism in lhs
-----Boolean encoding of the initial system
------Renaming
-------Translation(simplx->ckappa)
--Concretization...
--Concretization: 0.000319 sec. CPU
--Influence map computed
-Initialization: 0.005251 sec. CPU
-Simulation...
____________________________________________________________
##################################################
-Simulation: 0.169837 sec. CPU
-Outputting influence map
-Sampling data...
-End of sampling 0.0026 s CPU
-Outputting results in xml session...
-Results outputted in xml session: 0.006463 sec. CPU
=========================== done with 44 =================================
1

**** Simulation by Plectix v3.393..2759_32 ****

*Warning* No memory limit defined
-Compilation...
-Compilation: 0.001049 sec. CPU
-Initialization...
--Seeding random number generator with given seed 45
--Computing initial state
--Abstracting influence map...
---Influence map 
----Boolean encoding of the initial system
-----Renaming
------Translation(simplx->ckappa)
----Quark computation
--Abstraction: 0.000532 sec. CPU
----compute maximal refinement relation
-----compute refinement relation closure
------Boolean encoding of the quotiented system
-------Quotienting rules
-------Translation(simplx->ckappa)
-------Number of rules   : 4
-------Number of classes: 5
----count automorphism in lhs
-----Boolean encoding of the initial system
------Renaming
----count automorphism in lhs
-----Boolean encoding of the initial system
------Renaming
-------Translation(simplx->ckappa)
--Concretization...
--Concretization: 0.000322 sec. CPU
--Influence map computed
-Initialization: 0.005291 sec. CPU
-Simulation...
____________________________________________________________
###################################################
-Simulation: 0.142198 sec. CPU
-Outputting influence map
-Sampling data...
-End of sampling 0.0019 s CPU
-Outputting results in xml session...
-Results outputted in xml session: 0.005529 sec. CPU
=========================== done with 45 =================================
1

**** Simulation by Plectix v3.393..2759_32 ****

*Warning* No memory limit defined
-Compilation...
-Compilation: 0.001024 sec. CPU
-Initialization...
--Seeding random number generator with given seed 46
--Computing initial state
--Abstracting influence map...
---Influence map 
----Boolean encoding of the initial system
-----Renaming
------Translation(simplx->ckappa)
----Quark computation
--Abstraction: 0.000530 sec. CPU
----compute maximal refinement relation
-----compute refinement relation closure
------Boolean encoding of the quotiented system
-------Quotienting rules
-------Translation(simplx->ckappa)
-------Number of rules   : 4
-------Number of classes: 5
----count automorphism in lhs
-----Boolean encoding of the initial system
------Renaming
----count automorphism in lhs
-----Boolean encoding of the initial system
------Renaming
-------Translation(simplx->ckappa)
--Concretization...
--Concretization: 0.000321 sec. CPU
--Influence map computed
-Initialization: 0.005198 sec. CPU
-Simulation...
____________________________________________________________
###########################
-Simulation: 0.118560 sec. CPU
-Outputting influence map
-Sampling data...
-End of sampling 0.0016 s CPU
-Outputting results in xml session...
-Results outputted in xml session: 0.004072 sec. CPU
=========================== done with 46 =================================
1

**** Simulation by Plectix v3.393..2759_32 ****

*Warning* No memory limit defined
-Compilation...
-Compilation: 0.001030 sec. CPU
-Initialization...
--Seeding random number generator with given seed 47
--Computing initial state
--Abstracting influence map...
---Influence map 
----Boolean encoding of the initial system
-----Renaming
------Translation(simplx->ckappa)
----Quark computation
--Abstraction: 0.000534 sec. CPU
----compute maximal refinement relation
-----compute refinement relation closure
------Boolean encoding of the quotiented system
-------Quotienting rules
-------Translation(simplx->ckappa)
-------Number of rules   : 4
-------Number of classes: 5
----count automorphism in lhs
-----Boolean encoding of the initial system
------Renaming
----count automorphism in lhs
-----Boolean encoding of the initial system
------Renaming
-------Translation(simplx->ckappa)
--Concretization...
--Concretization: 0.000324 sec. CPU
--Influence map computed
-Initialization: 0.005271 sec. CPU
-Simulation...
____________________________________________________________
#########################################
-Simulation: 0.151261 sec. CPU
-Outputting influence map
-Sampling data...
-End of sampling 0.0024 s CPU
-Outputting results in xml session...
-Results outputted in xml session: 0.005760 sec. CPU
=========================== done with 47 =================================
1

**** Simulation by Plectix v3.393..2759_32 ****

*Warning* No memory limit defined
-Compilation...
-Compilation: 0.001030 sec. CPU
-Initialization...
--Seeding random number generator with given seed 48
--Computing initial state
--Abstracting influence map...
---Influence map 
----Boolean encoding of the initial system
-----Renaming
------Translation(simplx->ckappa)
----Quark computation
--Abstraction: 0.000532 sec. CPU
----compute maximal refinement relation
-----compute refinement relation closure
------Boolean encoding of the quotiented system
-------Quotienting rules
-------Translation(simplx->ckappa)
-------Number of rules   : 4
-------Number of classes: 5
----count automorphism in lhs
-----Boolean encoding of the initial system
------Renaming
----count automorphism in lhs
-----Boolean encoding of the initial system
------Renaming
-------Translation(simplx->ckappa)
--Concretization...
--Concretization: 0.000322 sec. CPU
--Influence map computed
-Initialization: 0.005236 sec. CPU
-Simulation...
____________________________________________________________
###########################################
-Simulation: 0.119478 sec. CPU
-Outputting influence map
-Sampling data...
-End of sampling 0.0016 s CPU
-Outputting results in xml session...
-Results outputted in xml session: 0.004161 sec. CPU
=========================== done with 48 =================================
1

**** Simulation by Plectix v3.393..2759_32 ****

*Warning* No memory limit defined
-Compilation...
-Compilation: 0.001033 sec. CPU
-Initialization...
--Seeding random number generator with given seed 49
--Computing initial state
--Abstracting influence map...
---Influence map 
----Boolean encoding of the initial system
-----Renaming
------Translation(simplx->ckappa)
----Quark computation
--Abstraction: 0.000547 sec. CPU
----compute maximal refinement relation
-----compute refinement relation closure
------Boolean encoding of the quotiented system
-------Quotienting rules
-------Translation(simplx->ckappa)
-------Number of rules   : 4
-------Number of classes: 5
----count automorphism in lhs
-----Boolean encoding of the initial system
------Renaming
----count automorphism in lhs
-----Boolean encoding of the initial system
------Renaming
-------Translation(simplx->ckappa)
--Concretization...
--Concretization: 0.000320 sec. CPU
--Influence map computed
-Initialization: 0.005244 sec. CPU
-Simulation...
____________________________________________________________
##############################
-Simulation: 0.129680 sec. CPU
-Outputting influence map
-Sampling data...
-End of sampling 0.0018 s CPU
-Outputting results in xml session...
-Results outputted in xml session: 0.009843 sec. CPU
=========================== done with 49 =================================
0
